<?xml version="1.0" encoding="UTF-8"?>
<testsuite xmlns:xsi="http://www.w3.org/2001/XMLSchema-instance" xsi:noNamespaceSchemaLocation="https://maven.apache.org/surefire/maven-surefire-plugin/xsd/surefire-test-report-3.0.xsd" version="3.0" name="CMMS.Testcase.TestCase" time="85.527" tests="1" errors="0" skipped="0" failures="0">
  <properties>
[...]
</properties>
  <testcase name="testcmms" classname="CMMS.Testcase.TestCase" time="66.33">
    <system-out><![CDATA[&amp#27;[35m[Appium]&amp#27;[39m Welcome to Appium v2.5.4
&amp#27;[35m[Appium]&amp#27;[39m Non-default server args:
&amp#27;[35m[Appium]&amp#27;[39m { address: &amp#27;[32m'127.0.0.1'&amp#27;[39m }
&amp#27;[35m[Appium]&amp#27;[39m The autodetected Appium home path: C:\Users\wwwsa\.appium
&amp#27;[35m[Appium]&amp#27;[39m Attempting to load driver uiautomator2...
&amp#27;[35m[Appium]&amp#27;[39m Requiring driver at C:\Users\wwwsa\.appium\node_modules\appium-uiautomator2-driver\build\index.js
&amp#27;[35m[Appium]&amp#27;[39m AndroidUiautomator2Driver has been successfully loaded in 1.059s
&amp#27;[35m[Appium]&amp#27;[39m Appium REST http interface listener started on http://127.0.0.1:4723
&amp#27;[35m[Appium]&amp#27;[39m Available drivers:
&amp#27;[35m[Appium]&amp#27;[39m   - uiautomator2@3.1.0 (automationName 'UiAutomator2')
&amp#27;[35m[Appium]&amp#27;[39m No plugins have been installed. Use the "appium plugin" command to install the one(s) you want to use.
&amp#27;[38;5;0m[HTTP]&amp#27;[0m &amp#27;[37m-->&amp#27;[39m &amp#27;[37mGET&amp#27;[39m &amp#27;[37m/status&amp#27;[39m
&amp#27;[38;5;0m[HTTP]&amp#27;[0m &amp#27;[90m{}&amp#27;[39m
&amp#27;[38;5;16m[AppiumDriver@033f]&amp#27;[0m Calling AppiumDriver.getStatus() with args: []
&amp#27;[38;5;16m[AppiumDriver@033f]&amp#27;[0m Responding to client with driver.getStatus() result: {"ready":true,"message":"The server is ready to accept new connections","build":{"version":"2.5.4"}}
&amp#27;[38;5;0m[HTTP]&amp#27;[0m &amp#27;[37m<-- GET /status &amp#27;[39m&amp#27;[32m200&amp#27;[39m &amp#27;[90m8 ms - 110&amp#27;[39m
&amp#27;[38;5;0m[HTTP]&amp#27;[0m &amp#27;[90m&amp#27;[39m
&amp#27;[38;5;0m[HTTP]&amp#27;[0m Request idempotency key: e7b701e9-9aed-4d2f-ae73-8f1033fd6f80
&amp#27;[38;5;0m[HTTP]&amp#27;[0m &amp#27;[37m-->&amp#27;[39m &amp#27;[37mPOST&amp#27;[39m &amp#27;[37m/session&amp#27;[39m
&amp#27;[38;5;0m[HTTP]&amp#27;[0m &amp#27;[90m{"capabilities":{"firstMatch":[{}],"alwaysMatch":{"browserName":"Chrome","platformName":"ANDROID","appium:chromedriverExecutable":"C://Users//wwwsa//Downloads//chromedriver_83version//chromedriver.exe","appium:automationName":"UIAutomator2","appium:deviceName":"Android11"}}}&amp#27;[39m
&amp#27;[38;5;16m[AppiumDriver@033f]&amp#27;[0m Calling AppiumDriver.createSession() with args: [null,null,{"firstMatch":[{}],"alwaysMatch":{"browserName":"Chrome","platformName":"ANDROID","appium:chromedriverExecutable":"C://Users//wwwsa//Downloads//chromedriver_83version//chromedriver.exe","appium:automationName":"UIAutomator2","appium:deviceName":"Android11"}}]
&amp#27;[38;5;16m[AppiumDriver@033f]&amp#27;[0m Event 'newSessionRequested' logged at 1716374545391 (16:12:25 GMT+0530 (India Standard Time))
&amp#27;[35m[Appium]&amp#27;[39m Attempting to find matching driver for automationName 'UIAutomator2' and platformName 'ANDROID'
&amp#27;[35m[Appium]&amp#27;[39m The 'uiautomator2' driver was installed and matched caps.
&amp#27;[35m[Appium]&amp#27;[39m Will require it at C:\Users\wwwsa\.appium\node_modules\appium-uiautomator2-driver
&amp#27;[35m[Appium]&amp#27;[39m Requiring driver at C:\Users\wwwsa\.appium\node_modules\appium-uiautomator2-driver\build\index.js
&amp#27;[38;5;16m[AppiumDriver@033f]&amp#27;[0m Appium v2.5.4 creating new AndroidUiautomator2Driver (v3.1.0) session
&amp#27;[38;5;16m[AppiumDriver@033f]&amp#27;[0m Checking BaseDriver versions for Appium and AndroidUiautomator2Driver
&amp#27;[38;5;16m[AppiumDriver@033f]&amp#27;[0m Appium's BaseDriver version is 9.6.0
&amp#27;[38;5;16m[AppiumDriver@033f]&amp#27;[0m AndroidUiautomator2Driver's BaseDriver version is 9.6.0
&amp#27;[38;5;32m[AndroidUiautomator2Driver@6453]&amp#27;[0m Creating session with W3C capabilities: {
&amp#27;[38;5;32m[AndroidUiautomator2Driver@6453]&amp#27;[0m   "alwaysMatch": {
&amp#27;[38;5;32m[AndroidUiautomator2Driver@6453]&amp#27;[0m     "browserName": "Chrome",
&amp#27;[38;5;32m[AndroidUiautomator2Driver@6453]&amp#27;[0m     "platformName": "ANDROID",
&amp#27;[38;5;32m[AndroidUiautomator2Driver@6453]&amp#27;[0m     "appium:chromedriverExecutable": "C://Users//wwwsa//Downloads//chromedriver_83version//chromedriver.exe",
&amp#27;[38;5;32m[AndroidUiautomator2Driver@6453]&amp#27;[0m     "appium:automationName": "UIAutomator2",
&amp#27;[38;5;32m[AndroidUiautomator2Driver@6453]&amp#27;[0m     "appium:deviceName": "Android11"
&amp#27;[38;5;32m[AndroidUiautomator2Driver@6453]&amp#27;[0m   },
&amp#27;[38;5;32m[AndroidUiautomator2Driver@6453]&amp#27;[0m   "firstMatch": [
&amp#27;[38;5;32m[AndroidUiautomator2Driver@6453]&amp#27;[0m     {}
&amp#27;[38;5;32m[AndroidUiautomator2Driver@6453]&amp#27;[0m   ]
&amp#27;[38;5;32m[AndroidUiautomator2Driver@6453]&amp#27;[0m }
&amp#27;[38;5;32m[AndroidUiautomator2Driver@6453 (8b9c12c4)]&amp#27;[0m Session created with session id: 8b9c12c4-9c1c-4db2-8d1e-b301ec11f45a
&amp#27;[38;5;48m[ADB]&amp#27;[0m Found 1 'build-tools' folders under 'C:\Users\wwwsa\AppData\Local\Android\Sdk' (newest first):
&amp#27;[38;5;48m[ADB]&amp#27;[0m     C:\Users\wwwsa\AppData\Local\Android\Sdk\build-tools\34.0.0
&amp#27;[38;5;48m[ADB]&amp#27;[0m Using 'adb.exe' from 'C:\Users\wwwsa\AppData\Local\Android\Sdk\platform-tools\adb.exe'
&amp#27;[38;5;48m[ADB]&amp#27;[0m Running 'C:\Users\wwwsa\AppData\Local\Android\Sdk\platform-tools\adb.exe -P 5037 start-server'
&amp#27;[38;5;32m[AndroidUiautomator2Driver@6453 (8b9c12c4)]&amp#27;[0m Retrieving device list
&amp#27;[38;5;48m[ADB]&amp#27;[0m Trying to find connected Android devices
&amp#27;[38;5;48m[ADB]&amp#27;[0m Getting connected devices
&amp#27;[38;5;48m[ADB]&amp#27;[0m Connected devices: [{"udid":"emulator-5554","state":"device"}]
&amp#27;[38;5;32m[AndroidUiautomator2Driver@6453 (8b9c12c4)]&amp#27;[0m Using device: emulator-5554
&amp#27;[38;5;48m[ADB]&amp#27;[0m Using 'adb.exe' from 'C:\Users\wwwsa\AppData\Local\Android\Sdk\platform-tools\adb.exe'
&amp#27;[38;5;48m[ADB]&amp#27;[0m Running 'C:\Users\wwwsa\AppData\Local\Android\Sdk\platform-tools\adb.exe -P 5037 start-server'
&amp#27;[38;5;48m[ADB]&amp#27;[0m Setting device id to emulator-5554
&amp#27;[38;5;32m[AndroidUiautomator2Driver@6453 (8b9c12c4)]&amp#27;[0m We're going to run a Chrome-based session
&amp#27;[38;5;48m[ADB]&amp#27;[0m Running 'C:\Users\wwwsa\AppData\Local\Android\Sdk\platform-tools\adb.exe -P 5037 -s emulator-5554 shell getprop ro.build.version.sdk'
&amp#27;[38;5;48m[ADB]&amp#27;[0m Current device property 'ro.build.version.sdk': 30
&amp#27;[38;5;48m[ADB]&amp#27;[0m Getting device platform version
&amp#27;[38;5;48m[ADB]&amp#27;[0m Running 'C:\Users\wwwsa\AppData\Local\Android\Sdk\platform-tools\adb.exe -P 5037 -s emulator-5554 shell getprop ro.build.version.release'
&amp#27;[38;5;48m[ADB]&amp#27;[0m Current device property 'ro.build.version.release': 11
&amp#27;[38;5;48m[ADB]&amp#27;[0m Device API level: 30
&amp#27;[38;5;48m[ADB]&amp#27;[0m Running 'C:\Users\wwwsa\AppData\Local\Android\Sdk\platform-tools\adb.exe -P 5037 -s emulator-5554 shell cmd package resolve-activity --brief com.android.chrome'
&amp#27;[38;5;32m[AndroidUiautomator2Driver@6453 (8b9c12c4)]&amp#27;[0m Chrome-type package and activity are com.android.chrome and com.android.chrome/com.google.android.apps.chrome.Main
&amp#27;[38;5;32m[AndroidUiautomator2Driver@6453 (8b9c12c4)]&amp#27;[0m Starting 'com.android.chrome' directly on the device
&amp#27;[38;5;32m[AndroidUiautomator2Driver@6453 (8b9c12c4)]&amp#27;[0m Relaxing hidden api policy
&amp#27;[38;5;48m[ADB]&amp#27;[0m Running 'C:\Users\wwwsa\AppData\Local\Android\Sdk\platform-tools\adb.exe -P 5037 -s emulator-5554 shell 'settings put global hidden_api_policy_pre_p_apps 1;settings put global hidden_api_policy_p_apps 1;settings put global hidden_api_policy 1''
&amp#27;[38;5;32m[AndroidUiautomator2Driver@6453 (8b9c12c4)]&amp#27;[0m No app sent in, not parsing package/activity
&amp#27;[38;5;48m[ADB]&amp#27;[0m Running 'C:\Users\wwwsa\AppData\Local\Android\Sdk\platform-tools\adb.exe -P 5037 -s emulator-5554 wait-for-device'
&amp#27;[38;5;48m[ADB]&amp#27;[0m Running 'C:\Users\wwwsa\AppData\Local\Android\Sdk\platform-tools\adb.exe -P 5037 -s emulator-5554 shell echo ping'
&amp#27;[38;5;32m[AndroidUiautomator2Driver@6453 (8b9c12c4)]&amp#27;[0m Pushing settings apk to the device...
&amp#27;[38;5;48m[ADB]&amp#27;[0m Getting package info for 'io.appium.settings'
&amp#27;[38;5;48m[ADB]&amp#27;[0m Running 'C:\Users\wwwsa\AppData\Local\Android\Sdk\platform-tools\adb.exe -P 5037 -s emulator-5554 shell dumpsys package io.appium.settings'
&amp#27;[38;5;48m[ADB]&amp#27;[0m The version name of the installed 'io.appium.settings' is greater or equal to the application version name ('5.7.9' >= '5.7.9')
&amp#27;[38;5;48m[ADB]&amp#27;[0m There is no need to install/upgrade 'C:\Users\wwwsa\.appium\node_modules\appium-uiautomator2-driver\node_modules\io.appium.settings\apks\settings_apk-debug.apk'
&amp#27;[38;5;48m[ADB]&amp#27;[0m Running 'C:\Users\wwwsa\AppData\Local\Android\Sdk\platform-tools\adb.exe -P 5037 -s emulator-5554 shell dumpsys activity services io.appium.settings'
&amp#27;[38;5;32m[AndroidUiautomator2Driver@6453 (8b9c12c4)]&amp#27;[0m io.appium.settings is already running. There is no need to reset its permissions.
&amp#27;[38;5;64m[Logcat]&amp#27;[0m Starting logs capture with command: C:\\Users\\wwwsa\\AppData\\Local\\Android\\Sdk\\platform-tools\\adb.exe -P 5037 -s emulator-5554 logcat -v threadtime
&amp#27;[38;5;32m[AndroidUiautomator2Driver@6453 (8b9c12c4)]&amp#27;[0m Forwarding UiAutomator2 Server port 6790 to local port 8200
&amp#27;[38;5;48m[ADB]&amp#27;[0m Forwarding system: 8200 to device: 6790
&amp#27;[38;5;48m[ADB]&amp#27;[0m Running 'C:\Users\wwwsa\AppData\Local\Android\Sdk\platform-tools\adb.exe -P 5037 -s emulator-5554 forward tcp:8200 tcp:6790'
&amp#27;[38;5;48m[ADB]&amp#27;[0m Getting package info for 'io.appium.uiautomator2.server'
&amp#27;[38;5;48m[ADB]&amp#27;[0m Running 'C:\Users\wwwsa\AppData\Local\Android\Sdk\platform-tools\adb.exe -P 5037 -s emulator-5554 shell dumpsys package io.appium.uiautomator2.server'
&amp#27;[38;5;48m[ADB]&amp#27;[0m Getting install status for io.appium.uiautomator2.server.test
&amp#27;[38;5;32m[AndroidUiautomator2Driver@6453 (8b9c12c4)]&amp#27;[0m No app capability. Assuming it is already on the device
&amp#27;[38;5;48m[ADB]&amp#27;[0m Getting install status for com.android.chrome
&amp#27;[38;5;48m[ADB]&amp#27;[0m Running 'C:\Users\wwwsa\AppData\Local\Android\Sdk\platform-tools\adb.exe -P 5037 -s emulator-5554 shell cmd package list packages'
&amp#27;[38;5;48m[ADB]&amp#27;[0m Running 'C:\Users\wwwsa\AppData\Local\Android\Sdk\platform-tools\adb.exe -P 5037 -s emulator-5554 shell cmd package list packages'
&amp#27;[38;5;48m[ADB]&amp#27;[0m 'io.appium.uiautomator2.server.test' is installed
&amp#27;[38;5;48m[ADB]&amp#27;[0m 'com.android.chrome' is installed
&amp#27;[38;5;48m[ADB]&amp#27;[0m Running 'C:\Users\wwwsa\AppData\Local\Android\Sdk\platform-tools\adb.exe -P 5037 -s emulator-5554 shell am force-stop com.android.chrome'
&amp#27;[38;5;48m[ADB]&amp#27;[0m Running 'C:\Users\wwwsa\AppData\Local\Android\Sdk\platform-tools\adb.exe -P 5037 -s emulator-5554 shell pm clear com.android.chrome'
&amp#27;[38;5;32m[AndroidUiautomator2Driver@6453 (8b9c12c4)]&amp#27;[0m Performed fast reset on the installed 'com.android.chrome' application (stop and clear)
&amp#27;[38;5;48m[ADB]&amp#27;[0m The version name of the installed 'io.appium.uiautomator2.server' is greater or equal to the application version name ('7.0.5' >= '7.0.5')
&amp#27;[38;5;32m[AndroidUiautomator2Driver@6453 (8b9c12c4)]&amp#27;[0m Server packages status: [{"installState":"sameVersionInstalled","appPath":"C:\\Users\\wwwsa\\.appium\\node_modules\\appium-uiautomator2-driver\\node_modules\\appium-uiautomator2-server\\apks\\appium-uiautomator2-server-v7.0.5.apk","appId":"io.appium.uiautomator2.server"},{"installState":"sameVersionInstalled","appPath":"C:\\Users\\wwwsa\\.appium\\node_modules\\appium-uiautomator2-driver\\node_modules\\appium-uiautomator2-server\\apks\\appium-uiautomator2-server-debug-androidTest.apk","appId":"io.appium.uiautomator2.server.test"}]
&amp#27;[38;5;32m[AndroidUiautomator2Driver@6453 (8b9c12c4)]&amp#27;[0m Server packages are not going to be (re)installed
&amp#27;[38;5;32m[AndroidUiautomator2Driver@6453 (8b9c12c4)]&amp#27;[0m Waiting up to 30000ms for services to be available
&amp#27;[38;5;48m[ADB]&amp#27;[0m Running 'C:\Users\wwwsa\AppData\Local\Android\Sdk\platform-tools\adb.exe -P 5037 -s emulator-5554 shell pm list instrumentation'
&amp#27;[38;5;32m[AndroidUiautomator2Driver@6453 (8b9c12c4)]&amp#27;[0m Instrumentation target 'io.appium.uiautomator2.server.test/androidx.test.runner.AndroidJUnitRunner' is available
&amp#27;[38;5;48m[ADB]&amp#27;[0m Adding packages ["io.appium.settings","io.appium.uiautomator2.server","io.appium.uiautomator2.server.test"] to Doze whitelist
&amp#27;[38;5;48m[ADB]&amp#27;[0m Got the following command chunks to execute: [["dumpsys","deviceidle","whitelist","+io.appium.settings",";","dumpsys","deviceidle","whitelist","+io.appium.uiautomator2.server",";","dumpsys","deviceidle","whitelist","+io.appium.uiautomator2.server.test",";"]]
&amp#27;[38;5;48m[ADB]&amp#27;[0m Running 'C:\Users\wwwsa\AppData\Local\Android\Sdk\platform-tools\adb.exe -P 5037 -s emulator-5554 shell dumpsys deviceidle whitelist +io.appium.settings ; dumpsys deviceidle whitelist +io.appium.uiautomator2.server ; dumpsys deviceidle whitelist +io.appium.uiautomator2.server.test ;'
&amp#27;[38;5;32m[AndroidUiautomator2Driver@6453 (8b9c12c4)]&amp#27;[0m Performing shallow cleanup of automation leftovers
&amp#27;[38;5;32m[AndroidUiautomator2Driver@6453 (8b9c12c4)]&amp#27;[0m No obsolete sessions have been detected (socket hang up)
&amp#27;[38;5;48m[ADB]&amp#27;[0m Running 'C:\Users\wwwsa\AppData\Local\Android\Sdk\platform-tools\adb.exe -P 5037 -s emulator-5554 shell am force-stop io.appium.uiautomator2.server.test'
&amp#27;[38;5;32m[AndroidUiautomator2Driver@6453 (8b9c12c4)]&amp#27;[0m Starting UIAutomator2 server 7.0.5
&amp#27;[38;5;32m[AndroidUiautomator2Driver@6453 (8b9c12c4)]&amp#27;[0m Using UIAutomator2 server from 'C:\Users\wwwsa\.appium\node_modules\appium-uiautomator2-driver\node_modules\appium-uiautomator2-server\apks\appium-uiautomator2-server-v7.0.5.apk' and test from 'C:\Users\wwwsa\.appium\node_modules\appium-uiautomator2-driver\node_modules\appium-uiautomator2-server\apks\appium-uiautomator2-server-debug-androidTest.apk'
&amp#27;[38;5;32m[AndroidUiautomator2Driver@6453 (8b9c12c4)]&amp#27;[0m Waiting up to 30000ms for UiAutomator2 to be online...
&amp#27;[38;5;48m[ADB]&amp#27;[0m Creating ADB subprocess with args: ["-P","5037","-s","emulator-5554","shell","am","instrument","-w","-e","disableAnalytics","true","io.appium.uiautomator2.server.test/androidx.test.runner.AndroidJUnitRunner"]
&amp#27;[38;5;32m[AndroidUiautomator2Driver@6453 (8b9c12c4)]&amp#27;[0m Matched '/status' to command name 'getStatus'
&amp#27;[38;5;32m[AndroidUiautomator2Driver@6453 (8b9c12c4)]&amp#27;[0m Proxying [GET /status] to [GET http://127.0.0.1:8200/status] with no body
&amp#27;[38;5;32m[AndroidUiautomator2Driver@6453 (8b9c12c4)]&amp#27;[0m socket hang up
&amp#27;[38;5;80m[Instrumentation]&amp#27;[0m io.appium.uiautomator2.server.test.AppiumUiAutomator2Server:
&amp#27;[38;5;32m[AndroidUiautomator2Driver@6453 (8b9c12c4)]&amp#27;[0m Matched '/status' to command name 'getStatus'
&amp#27;[38;5;32m[AndroidUiautomator2Driver@6453 (8b9c12c4)]&amp#27;[0m Proxying [GET /status] to [GET http://127.0.0.1:8200/status] with no body
&amp#27;[38;5;32m[AndroidUiautomator2Driver@6453 (8b9c12c4)]&amp#27;[0m socket hang up
&amp#27;[38;5;32m[AndroidUiautomator2Driver@6453 (8b9c12c4)]&amp#27;[0m Matched '/status' to command name 'getStatus'
&amp#27;[38;5;32m[AndroidUiautomator2Driver@6453 (8b9c12c4)]&amp#27;[0m Proxying [GET /status] to [GET http://127.0.0.1:8200/status] with no body
&amp#27;[38;5;32m[AndroidUiautomator2Driver@6453 (8b9c12c4)]&amp#27;[0m Got response with status 200: {"sessionId":"None","value":{"message":"UiAutomator2 Server is ready to accept commands","ready":true}}
&amp#27;[38;5;32m[AndroidUiautomator2Driver@6453 (8b9c12c4)]&amp#27;[0m The initialization of the instrumentation process took 2215ms
&amp#27;[38;5;32m[AndroidUiautomator2Driver@6453 (8b9c12c4)]&amp#27;[0m Matched '/session' to command name 'createSession'
&amp#27;[38;5;32m[AndroidUiautomator2Driver@6453 (8b9c12c4)]&amp#27;[0m Proxying [POST /session] to [POST http://127.0.0.1:8200/session] with body: {"capabilities":{"firstMatch":[{"browserName":"Chrome","platformName":"ANDROID","chromedriverExecutable":"C://Users//wwwsa//Downloads//chromedriver_83version//chromedriver.exe","automationName":"UIAutomator2","deviceName":"emulator-5554","platform":"LINUX","webStorageEnabled":false,"takesScreenshot":true,"javascriptEnabled":true,"databaseEnabled":false,"networkConnectionEnabled":true,"locationContextEnabled":false,"warnings":{},"desired":{"browserName":"Chrome","platformName":"ANDROID","chromedriverExecutable":"C://Users//wwwsa//Downloads//chromedriver_83version//chromedriver.exe","automationName":"UIAutomator2","deviceName":"Android11","appPackage":"com.android.chrome","appActivity":"com.android.chrome/com.google.android.apps.chrome.Main"},"deviceUDID":"emulator-5554"}],"alwaysMatch":{}}}
&amp#27;[38;5;32m[AndroidUiautomator2Driver@6453 (8b9c12c4)]&amp#27;[0m Got response with status 200: {"sessionId":"053e0d1d-41ba-4efd-8cf6-b306e930cb9b","value":{"capabilities":{"firstMatch":[{"browserName":"Chrome","platformName":"ANDROID","chromedriverExecutable":"C://Users//wwwsa//Downloads//chromedriver_83version//chromedriver.exe","automationName":"UIAutomator2","deviceName":"emulator-5554","platform":"LINUX","webStorageEnabled":false,"takesScreenshot":true,"javascriptEnabled":true,"databaseEnabled":false,"networkConnectionEnabled":true,"locationContextEnabled":false,"warnings":{},"desired":{"browserName":"Chrome","platformName":"ANDROID","chromedriverExecutable":"C://Users//wwwsa//Downloads//chromedriver_83version//chromedriver.exe","automationName":"UIAutomator2","deviceName":"Android11","appPackage":"com.android.chrome","appActivity":"com.android.chrome/com.google.android.apps.chrome.Main"},"deviceUDID":"emulator-5554"}],"alwaysMatch":{}},"sessionId":"053e0d1d-41ba-4efd-8cf6-b306e930cb9b"}}
&amp#27;[38;5;32m[AndroidUiautomator2Driver@6453 (8b9c12c4)]&amp#27;[0m Determined the downstream protocol as 'W3C'
&amp#27;[38;5;32m[AndroidUiautomator2Driver@6453 (8b9c12c4)]&amp#27;[0m Proxying [GET /appium/device/pixel_ratio] to [GET http://127.0.0.1:8200/session/053e0d1d-41ba-4efd-8cf6-b306e930cb9b/appium/device/pixel_ratio] with no body
&amp#27;[38;5;32m[AndroidUiautomator2Driver@6453 (8b9c12c4)]&amp#27;[0m Matched '/appium/device/system_bars' to command name 'getSystemBars'
&amp#27;[38;5;32m[AndroidUiautomator2Driver@6453 (8b9c12c4)]&amp#27;[0m Proxying [GET /appium/device/system_bars] to [GET http://127.0.0.1:8200/session/053e0d1d-41ba-4efd-8cf6-b306e930cb9b/appium/device/system_bars] with no body
&amp#27;[38;5;32m[AndroidUiautomator2Driver@6453 (8b9c12c4)]&amp#27;[0m Matched '/window/current/size' to command name 'getWindowSize'
&amp#27;[38;5;32m[AndroidUiautomator2Driver@6453 (8b9c12c4)]&amp#27;[0m Proxying [GET /window/current/size] to [GET http://127.0.0.1:8200/session/053e0d1d-41ba-4efd-8cf6-b306e930cb9b/window/current/size] with no body
&amp#27;[38;5;32m[AndroidUiautomator2Driver@6453 (8b9c12c4)]&amp#27;[0m Proxying [GET /appium/device/info] to [GET http://127.0.0.1:8200/session/053e0d1d-41ba-4efd-8cf6-b306e930cb9b/appium/device/info] with no body
&amp#27;[38;5;48m[ADB]&amp#27;[0m Running 'C:\Users\wwwsa\AppData\Local\Android\Sdk\platform-tools\adb.exe -P 5037 -s emulator-5554 shell dumpsys window'
&amp#27;[38;5;32m[AndroidUiautomator2Driver@6453 (8b9c12c4)]&amp#27;[0m Got response with status 200: {"sessionId":"053e0d1d-41ba-4efd-8cf6-b306e930cb9b","value":2.625}
&amp#27;[38;5;32m[AndroidUiautomator2Driver@6453 (8b9c12c4)]&amp#27;[0m Got response with status 200: {"sessionId":"053e0d1d-41ba-4efd-8cf6-b306e930cb9b","value":{"height":1840,"width":2208}}
&amp#27;[38;5;32m[AndroidUiautomator2Driver@6453 (8b9c12c4)]&amp#27;[0m Got response with status 200: {"sessionId":"053e0d1d-41ba-4efd-8cf6-b306e930cb9b","value":{"statusBar":63}}
&amp#27;[38;5;32m[AndroidUiautomator2Driver@6453 (8b9c12c4)]&amp#27;[0m Got response with status 200: {"sessionId":"053e0d1d-41ba-4efd-8cf6-b306e930cb9b","value":{"androidId":"6982aff66b7e963c","apiVersion":"30","bluetooth":{"state":"ON"},"brand":"google","carrierName":"Android","displayDensity":420,"locale":"en_US","manufacturer":"Google","model":"sdk_gphone_x86","networks":[{"capabilities":{"SSID":null,"linkDownBandwidthKbps":30000,"linkUpstreamBandwidthKbps":15000,"networkCapabilities":"NET_CAPABILITY_MMS,NET_CAPABILITY_SUPL,NET_CAPABILITY_DUN,NET_CAPABILITY_FOTA,NET_CAPABILITY_IMS,NET_CAPABILITY_CBS,NET_CAPABILITY_INTERNET,NET_CAPABILITY_NOT_RESTRICTED,NET_CAPABILITY_TRUSTED,NET_CAPABILITY_NOT_VPN,NET_CAPABILITY_VALIDATED,NET_CAPABILITY_NOT_ROAMING,NET_CAPABILITY_NOT_CONGESTED,NET_CAPABILITY_NOT_SUSPENDED","signalStrength":-2147483648,"transportTypes":"TRANSPORT_CELLULAR"},"detailedState":"CONNECTED","extraInfo":"epc.tmobile.com","isAvailable":true,"isConnected":true,"isFailover":false,"isRoaming":false,"state":"CONNECTED","subtype":13,"subtypeName":"LTE","type":0,"typeName":"MOBILE"},{"capabilities":{...
&amp#27;[38;5;32m[AndroidUiautomator2Driver@6453 (8b9c12c4)]&amp#27;[0m Screen already unlocked, doing nothing
&amp#27;[38;5;32m[AndroidUiautomator2Driver@6453 (8b9c12c4)]&amp#27;[0m Starting a chrome-based browser session
&amp#27;[38;5;32m[AndroidUiautomator2Driver@6453 (8b9c12c4)]&amp#27;[0m A port was not given, using random free port: 52851
&amp#27;[38;5;32m[AndroidUiautomator2Driver@6453 (8b9c12c4)]&amp#27;[0m Automated Chromedriver download is disabled. Use 'chromedriver_autodownload' server feature to enable it
&amp#27;[38;5;32m[AndroidUiautomator2Driver@6453 (8b9c12c4)]&amp#27;[0m Precalculated Chromedriver capabilities: {
&amp#27;[38;5;32m[AndroidUiautomator2Driver@6453 (8b9c12c4)]&amp#27;[0m   "androidPackage": "com.android.chrome",
&amp#27;[38;5;32m[AndroidUiautomator2Driver@6453 (8b9c12c4)]&amp#27;[0m   "androidDeviceSerial": "emulator-5554"
&amp#27;[38;5;32m[AndroidUiautomator2Driver@6453 (8b9c12c4)]&amp#27;[0m }
&amp#27;[38;5;32m[AndroidUiautomator2Driver@6453 (8b9c12c4)]&amp#27;[0m Before starting chromedriver, androidPackage is 'com.android.chrome'
&amp#27;[38;5;96m[Chromedriver@0756]&amp#27;[0m Changed state to 'starting'
&amp#27;[38;5;96m[Chromedriver@0756]&amp#27;[0m Set chromedriver binary as: C://Users//wwwsa//Downloads//chromedriver_83version//chromedriver.exe
&amp#27;[38;5;96m[Chromedriver@0756]&amp#27;[0m Killing any old chromedrivers, running: wmic process where "commandline like '%chromedriver.exe%--port=52851%'" delete
&amp#27;[38;5;96m[Chromedriver@0756]&amp#27;[0m Successfully cleaned up old chromedrivers
&amp#27;[38;5;96m[Chromedriver@0756]&amp#27;[0m Cleaning this device's adb forwarded port socket connections: emulator-5554
&amp#27;[38;5;48m[ADB]&amp#27;[0m List forwarding ports
&amp#27;[38;5;48m[ADB]&amp#27;[0m Running 'C:\Users\wwwsa\AppData\Local\Android\Sdk\platform-tools\adb.exe -P 5037 -s emulator-5554 forward --list'
&amp#27;[38;5;96m[Chromedriver@0756]&amp#27;[0m Spawning chromedriver with: C://Users//wwwsa//Downloads//chromedriver_83version//chromedriver.exe --port=52851 --adb-port=5037 --verbose
&amp#27;[38;5;96m[Chromedriver@0756]&amp#27;[0m ChromeDriver version: '83.0.4103.39'
&amp#27;[38;5;96m[Chromedriver@0756]&amp#27;[0m Matched '/status' to command name 'getStatus'
&amp#27;[38;5;96m[Chromedriver@0756]&amp#27;[0m Proxying [GET /status] to [GET http://127.0.0.1:52851/status] with no body
&amp#27;[38;5;96m[Chromedriver@0756]&amp#27;[0m connect ECONNREFUSED 127.0.0.1:52851
&amp#27;[38;5;96m[Chromedriver@0756]&amp#27;[0m Matched '/status' to command name 'getStatus'
&amp#27;[38;5;96m[Chromedriver@0756]&amp#27;[0m Proxying [GET /status] to [GET http://127.0.0.1:52851/status] with no body
&amp#27;[38;5;96m[Chromedriver@0756]&amp#27;[0m Got response with status 200: {"value":{"build":{"version":"83.0.4103.39 (ccbf011cb2d2b19b506d844400483861342c20cd-refs/branch-heads/4103@{#416})"},"message":"ChromeDriver ready for new sessions.","os":{"arch":"x86_64","name":"Windows NT","version":"10.0.22631"},"ready":true}}
&amp#27;[38;5;96m[Chromedriver@0756]&amp#27;[0m Starting W3C Chromedriver session with capabilities: {
&amp#27;[38;5;96m[Chromedriver@0756]&amp#27;[0m   "capabilities": {
&amp#27;[38;5;96m[Chromedriver@0756]&amp#27;[0m     "alwaysMatch": {
&amp#27;[38;5;96m[Chromedriver@0756]&amp#27;[0m       "goog:chromeOptions": {
&amp#27;[38;5;96m[Chromedriver@0756]&amp#27;[0m         "androidPackage": "com.android.chrome",
&amp#27;[38;5;96m[Chromedriver@0756]&amp#27;[0m         "androidDeviceSerial": "emulator-5554"
&amp#27;[38;5;96m[Chromedriver@0756]&amp#27;[0m       },
&amp#27;[38;5;96m[Chromedriver@0756]&amp#27;[0m       "goog:loggingPrefs": {
&amp#27;[38;5;96m[Chromedriver@0756]&amp#27;[0m         "browser": "ALL"
&amp#27;[38;5;96m[Chromedriver@0756]&amp#27;[0m       }
&amp#27;[38;5;96m[Chromedriver@0756]&amp#27;[0m     }
&amp#27;[38;5;96m[Chromedriver@0756]&amp#27;[0m   }
&amp#27;[38;5;96m[Chromedriver@0756]&amp#27;[0m }
&amp#27;[38;5;96m[Chromedriver@0756]&amp#27;[0m Matched '/session' to command name 'createSession'
&amp#27;[38;5;96m[Chromedriver@0756]&amp#27;[0m Proxying [POST /session] to [POST http://127.0.0.1:52851/session] with body: {"capabilities":{"alwaysMatch":{"goog:chromeOptions":{"androidPackage":"com.android.chrome","androidDeviceSerial":"emulator-5554"},"goog:loggingPrefs":{"browser":"ALL"}}}}
&amp#27;[38;5;96m[Chromedriver@0756]&amp#27;[0m Webview version: 'Chrome/83.0.4103.106'
&amp#27;[38;5;96m[Chromedriver@0756]&amp#27;[0m Got response with status 200: {"value":{"capabilities":{"acceptInsecureCerts":false,"browserName":"chrome","browserVersion":"83.0.4103.106","chrome":{"chromedriverVersion":"83.0.4103.39 (ccbf011cb2d2b19b506d844400483861342c20cd-refs/branch-heads/4103@{#416})"},"goog:chromeOptions":{"debuggerAddress":"localhost:52864"},"pageLoadStrategy":"normal","platformName":"android","proxy":{},"setWindowRect":false,"strictFileInteractability":false,"timeouts":{"implicit":0,"pageLoad":300000,"script":30000},"unhandledPromptBehavior":"dismiss and notify","webauthn:virtualAuthenticators":false},"sessionId":"d105eff11b76bfce77f640f2b066a387"}}
&amp#27;[38;5;96m[Chromedriver@0756]&amp#27;[0m Determined the downstream protocol as 'W3C'
&amp#27;[38;5;96m[Chromedriver@0756 (d105eff1)]&amp#27;[0m Changed state to 'online'
&amp#27;[38;5;16m[AppiumDriver@033f]&amp#27;[0m New AndroidUiautomator2Driver session created successfully, session 8b9c12c4-9c1c-4db2-8d1e-b301ec11f45a added to master session list
&amp#27;[38;5;16m[AppiumDriver@033f]&amp#27;[0m Event 'newSessionStarted' logged at 1716374554478 (16:12:34 GMT+0530 (India Standard Time))
&amp#27;[38;5;32m[AndroidUiautomator2Driver@6453 (8b9c12c4)]&amp#27;[0m Cached the protocol value 'W3C' for the new session 8b9c12c4-9c1c-4db2-8d1e-b301ec11f45a
&amp#27;[38;5;32m[AndroidUiautomator2Driver@6453 (8b9c12c4)]&amp#27;[0m Responding to client with driver.createSession() result: {"capabilities":{"browserName":"Chrome","platformName":"ANDROID","chromedriverExecutable":"C://Users//wwwsa//Downloads//chromedriver_83version//chromedriver.exe","automationName":"UIAutomator2","deviceName":"emulator-5554","platform":"LINUX","webStorageEnabled":false,"takesScreenshot":true,"javascriptEnabled":true,"databaseEnabled":false,"networkConnectionEnabled":true,"locationContextEnabled":false,"warnings":{},"desired":{"browserName":"Chrome","platformName":"ANDROID","chromedriverExecutable":"C://Users//wwwsa//Downloads//chromedriver_83version//chromedriver.exe","automationName":"UIAutomator2","deviceName":"Android11","appPackage":"com.android.chrome","appActivity":"com.android.chrome/com.google.android.apps.chrome.Main"},"deviceUDID":"emulator-5554","pixelRatio":"2.625","statBarHeight":63,"viewportRect":{"left":0,"top":63,"width":2208,"height":1777},"deviceApiLevel":30,"platformVersion":"11","deviceManufacturer":"Google","deviceModel":"sdk_gphone_x86","deviceScreenSize":"2208x1840","deviceScreenDensit...
&amp#27;[38;5;0m[HTTP]&amp#27;[0m &amp#27;[37m<-- POST /session &amp#27;[39m&amp#27;[32m200&amp#27;[39m &amp#27;[90m9090 ms - 1090&amp#27;[39m
&amp#27;[38;5;0m[HTTP]&amp#27;[0m &amp#27;[90m&amp#27;[39m
&amp#27;[38;5;0m[HTTP]&amp#27;[0m &amp#27;[37m-->&amp#27;[39m &amp#27;[37mPOST&amp#27;[39m &amp#27;[37m/session/8b9c12c4-9c1c-4db2-8d1e-b301ec11f45a/timeouts&amp#27;[39m
&amp#27;[38;5;0m[HTTP]&amp#27;[0m &amp#27;[90m{"implicit":10000}&amp#27;[39m
&amp#27;[38;5;32m[AndroidUiautomator2Driver@6453 (8b9c12c4)]&amp#27;[0m Driver proxy active, passing request on via HTTP proxy
&amp#27;[38;5;96m[Chromedriver@0756 (d105eff1)]&amp#27;[0m Matched '/session/8b9c12c4-9c1c-4db2-8d1e-b301ec11f45a/timeouts' to command name 'timeouts'
&amp#27;[38;5;96m[Chromedriver@0756 (d105eff1)]&amp#27;[0m Will send the following request bodies to /timeouts: [{"implicit":10000}]
&amp#27;[38;5;96m[Chromedriver@0756 (d105eff1)]&amp#27;[0m Proxying [POST /session/8b9c12c4-9c1c-4db2-8d1e-b301ec11f45a/timeouts] to [POST http://127.0.0.1:52851/session/d105eff11b76bfce77f640f2b066a387/timeouts] with body: {"implicit":10000}
&amp#27;[38;5;96m[Chromedriver@0756 (d105eff1)]&amp#27;[0m Got response with status 200: {"value":null}
&amp#27;[38;5;0m[HTTP]&amp#27;[0m &amp#27;[37m<-- POST /session/8b9c12c4-9c1c-4db2-8d1e-b301ec11f45a/timeouts &amp#27;[39m&amp#27;[32m200&amp#27;[39m &amp#27;[90m7 ms - 14&amp#27;[39m
&amp#27;[38;5;0m[HTTP]&amp#27;[0m &amp#27;[90m&amp#27;[39m
&amp#27;[38;5;0m[HTTP]&amp#27;[0m &amp#27;[37m-->&amp#27;[39m &amp#27;[37mPOST&amp#27;[39m &amp#27;[37m/session/8b9c12c4-9c1c-4db2-8d1e-b301ec11f45a/url&amp#27;[39m
&amp#27;[38;5;0m[HTTP]&amp#27;[0m &amp#27;[90m{"url":"https://sacmms.ripplesiot.net"}&amp#27;[39m
&amp#27;[38;5;32m[AndroidUiautomator2Driver@6453 (8b9c12c4)]&amp#27;[0m Driver proxy active, passing request on via HTTP proxy
&amp#27;[38;5;96m[Chromedriver@0756 (d105eff1)]&amp#27;[0m Matched '/session/8b9c12c4-9c1c-4db2-8d1e-b301ec11f45a/url' to command name 'setUrl'
&amp#27;[38;5;96m[Chromedriver@0756 (d105eff1)]&amp#27;[0m Proxying [POST /session/8b9c12c4-9c1c-4db2-8d1e-b301ec11f45a/url] to [POST http://127.0.0.1:52851/session/d105eff11b76bfce77f640f2b066a387/url] with body: {"url":"https://sacmms.ripplesiot.net"}
&amp#27;[38;5;96m[Chromedriver@0756 (d105eff1)]&amp#27;[0m Got response with status 200: {"value":null}
&amp#27;[38;5;0m[HTTP]&amp#27;[0m &amp#27;[37m<-- POST /session/8b9c12c4-9c1c-4db2-8d1e-b301ec11f45a/url &amp#27;[39m&amp#27;[32m200&amp#27;[39m &amp#27;[90m4389 ms - 14&amp#27;[39m
&amp#27;[38;5;0m[HTTP]&amp#27;[0m &amp#27;[90m&amp#27;[39m
&amp#27;[38;5;0m[HTTP]&amp#27;[0m &amp#27;[37m-->&amp#27;[39m &amp#27;[37mPOST&amp#27;[39m &amp#27;[37m/session/8b9c12c4-9c1c-4db2-8d1e-b301ec11f45a/element&amp#27;[39m
&amp#27;[38;5;0m[HTTP]&amp#27;[0m &amp#27;[90m{"value":"signin-username","using":"id"}&amp#27;[39m
&amp#27;[38;5;32m[AndroidUiautomator2Driver@6453 (8b9c12c4)]&amp#27;[0m Driver proxy active, passing request on via HTTP proxy
&amp#27;[38;5;96m[Chromedriver@0756 (d105eff1)]&amp#27;[0m Matched '/session/8b9c12c4-9c1c-4db2-8d1e-b301ec11f45a/element' to command name 'findElement'
&amp#27;[38;5;96m[Chromedriver@0756 (d105eff1)]&amp#27;[0m Proxying [POST /session/8b9c12c4-9c1c-4db2-8d1e-b301ec11f45a/element] to [POST http://127.0.0.1:52851/session/d105eff11b76bfce77f640f2b066a387/element] with body: {"value":"signin-username","using":"id"}
&amp#27;[38;5;96m[Chromedriver@0756 (d105eff1)]&amp#27;[0m Got response with status 400: {"value":{"error":"invalid argument","message":"invalid argument: invalid locator\n  (Session info: chrome=83.0.4103.106)","stacktrace":"Backtrace:\n\tOrdinal0 [0x006F9563+2725219]\n\tOrdinal0 [0x005F8551+1672529]\n\tOrdinal0 [0x004E0359+525145]\n\tOrdinal0 [0x00479312+103186]\n\tOrdinal0 [0x004953C0+218048]\n\tOrdinal0 [0x0048AAD0+174800]\n\tOrdinal0 [0x00493D7C+212348]\n\tOrdinal0 [0x0048A94B+174411]\n\tOrdinal0 [0x00472528+75048]\n\tOrdinal0 [0x004735A0+79264]\n\tOrdinal0 [0x00473539+79161]\n\tOrdinal0 [0x0060D607+1758727]\n\tGetHandleVerifier [0x00816546+1050150]\n\tGetHandleVerifier [0x00816291+1049457]\n\tGetHandleVerifier [0x008210D7+1094071]\n\tGetHandleVerifier [0x00816B46+1051686]\n\tOrdinal0 [0x00605B06+1727238]\n\tOrdinal0 [0x0060EB7B+1764219]\n\tOrdinal0 [0x0060ECE3+1764579]\n\tOrdinal0 [0x00624C05+1854469]\n\tBaseThreadInitThunk [0x766F7BA9+25]\n\tRtlInitializeExceptionChain [0x77DDBE3B+107]\n\tRtlClearBits [0x77DDBDBF+191]\n"}}
&amp#27;[38;5;112m[W3C]&amp#27;[0m Matched W3C error code 'invalid argument' to InvalidArgumentError
&amp#27;[38;5;0m[HTTP]&amp#27;[0m &amp#27;[37m<-- POST /session/8b9c12c4-9c1c-4db2-8d1e-b301ec11f45a/element &amp#27;[39m&amp#27;[33m400&amp#27;[39m &amp#27;[90m58 ms - 956&amp#27;[39m
&amp#27;[38;5;0m[HTTP]&amp#27;[0m &amp#27;[90m&amp#27;[39m
&amp#27;[38;5;0m[HTTP]&amp#27;[0m &amp#27;[37m-->&amp#27;[39m &amp#27;[37mPOST&amp#27;[39m &amp#27;[37m/session/8b9c12c4-9c1c-4db2-8d1e-b301ec11f45a/element&amp#27;[39m
&amp#27;[38;5;0m[HTTP]&amp#27;[0m &amp#27;[90m{"value":"#signin\\-username","using":"css selector"}&amp#27;[39m
&amp#27;[38;5;32m[AndroidUiautomator2Driver@6453 (8b9c12c4)]&amp#27;[0m Driver proxy active, passing request on via HTTP proxy
&amp#27;[38;5;96m[Chromedriver@0756 (d105eff1)]&amp#27;[0m Matched '/session/8b9c12c4-9c1c-4db2-8d1e-b301ec11f45a/element' to command name 'findElement'
&amp#27;[38;5;96m[Chromedriver@0756 (d105eff1)]&amp#27;[0m Proxying [POST /session/8b9c12c4-9c1c-4db2-8d1e-b301ec11f45a/element] to [POST http://127.0.0.1:52851/session/d105eff11b76bfce77f640f2b066a387/element] with body: {"value":"#signin\\-username","using":"css selector"}
&amp#27;[38;5;96m[Chromedriver@0756 (d105eff1)]&amp#27;[0m Got response with status 200: {"value":{"element-6066-11e4-a52e-4f735466cecf":"913dda9d-8349-4d35-9ef7-a8d49cb5d8a6"}}
&amp#27;[38;5;0m[HTTP]&amp#27;[0m &amp#27;[37m<-- POST /session/8b9c12c4-9c1c-4db2-8d1e-b301ec11f45a/element &amp#27;[39m&amp#27;[32m200&amp#27;[39m &amp#27;[90m52 ms - 137&amp#27;[39m
&amp#27;[38;5;0m[HTTP]&amp#27;[0m &amp#27;[90m&amp#27;[39m
&amp#27;[38;5;0m[HTTP]&amp#27;[0m &amp#27;[37m-->&amp#27;[39m &amp#27;[37mPOST&amp#27;[39m &amp#27;[37m/session/8b9c12c4-9c1c-4db2-8d1e-b301ec11f45a/element/913dda9d-8349-4d35-9ef7-a8d49cb5d8a6/value&amp#27;[39m
&amp#27;[38;5;0m[HTTP]&amp#27;[0m &amp#27;[90m{"value":["S","A","N","J","A","Y"],"id":"913dda9d-8349-4d35-9ef7-a8d49cb5d8a6","text":"SANJAY"}&amp#27;[39m
&amp#27;[38;5;32m[AndroidUiautomator2Driver@6453 (8b9c12c4)]&amp#27;[0m Driver proxy active, passing request on via HTTP proxy
&amp#27;[38;5;96m[Chromedriver@0756 (d105eff1)]&amp#27;[0m Matched '/session/8b9c12c4-9c1c-4db2-8d1e-b301ec11f45a/element/913dda9d-8349-4d35-9ef7-a8d49cb5d8a6/value' to command name 'setValue'
&amp#27;[38;5;96m[Chromedriver@0756 (d105eff1)]&amp#27;[0m Proxying [POST /session/8b9c12c4-9c1c-4db2-8d1e-b301ec11f45a/element/913dda9d-8349-4d35-9ef7-a8d49cb5d8a6/value] to [POST http://127.0.0.1:52851/session/d105eff11b76bfce77f640f2b066a387/element/913dda9d-8349-4d35-9ef7-a8d49cb5d8a6/value] with body: {"value":["S","A","N","J","A","Y"],"id":"913dda9d-8349-4d35-9ef7-a8d49cb5d8a6","text":"SANJAY"}
&amp#27;[38;5;96m[Chromedriver@0756 (d105eff1)]&amp#27;[0m Got response with status 200: {"value":null}
&amp#27;[38;5;0m[HTTP]&amp#27;[0m &amp#27;[37m<-- POST /session/8b9c12c4-9c1c-4db2-8d1e-b301ec11f45a/element/913dda9d-8349-4d35-9ef7-a8d49cb5d8a6/value &amp#27;[39m&amp#27;[32m200&amp#27;[39m &amp#27;[90m637 ms - 14&amp#27;[39m
&amp#27;[38;5;0m[HTTP]&amp#27;[0m &amp#27;[90m&amp#27;[39m
&amp#27;[38;5;0m[HTTP]&amp#27;[0m &amp#27;[37m-->&amp#27;[39m &amp#27;[37mPOST&amp#27;[39m &amp#27;[37m/session/8b9c12c4-9c1c-4db2-8d1e-b301ec11f45a/element&amp#27;[39m
&amp#27;[38;5;0m[HTTP]&amp#27;[0m &amp#27;[90m{"value":"#signin\\-password","using":"css selector"}&amp#27;[39m
&amp#27;[38;5;32m[AndroidUiautomator2Driver@6453 (8b9c12c4)]&amp#27;[0m Driver proxy active, passing request on via HTTP proxy
&amp#27;[38;5;96m[Chromedriver@0756 (d105eff1)]&amp#27;[0m Matched '/session/8b9c12c4-9c1c-4db2-8d1e-b301ec11f45a/element' to command name 'findElement'
&amp#27;[38;5;96m[Chromedriver@0756 (d105eff1)]&amp#27;[0m Proxying [POST /session/8b9c12c4-9c1c-4db2-8d1e-b301ec11f45a/element] to [POST http://127.0.0.1:52851/session/d105eff11b76bfce77f640f2b066a387/element] with body: {"value":"#signin\\-password","using":"css selector"}
&amp#27;[38;5;96m[Chromedriver@0756 (d105eff1)]&amp#27;[0m Got response with status 200: {"value":{"element-6066-11e4-a52e-4f735466cecf":"b169e4e6-9d65-4a00-8a0c-886a267a6e9f"}}
&amp#27;[38;5;0m[HTTP]&amp#27;[0m &amp#27;[37m<-- POST /session/8b9c12c4-9c1c-4db2-8d1e-b301ec11f45a/element &amp#27;[39m&amp#27;[32m200&amp#27;[39m &amp#27;[90m51 ms - 137&amp#27;[39m
&amp#27;[38;5;0m[HTTP]&amp#27;[0m &amp#27;[90m&amp#27;[39m
&amp#27;[38;5;0m[HTTP]&amp#27;[0m &amp#27;[37m-->&amp#27;[39m &amp#27;[37mPOST&amp#27;[39m &amp#27;[37m/session/8b9c12c4-9c1c-4db2-8d1e-b301ec11f45a/element/b169e4e6-9d65-4a00-8a0c-886a267a6e9f/value&amp#27;[39m
&amp#27;[38;5;0m[HTTP]&amp#27;[0m &amp#27;[90m{"value":["q","w","e","r","t","y","@","1","2","3"],"id":"b169e4e6-9d65-4a00-8a0c-886a267a6e9f","text":"qwerty@123"}&amp#27;[39m
&amp#27;[38;5;32m[AndroidUiautomator2Driver@6453 (8b9c12c4)]&amp#27;[0m Driver proxy active, passing request on via HTTP proxy
&amp#27;[38;5;96m[Chromedriver@0756 (d105eff1)]&amp#27;[0m Matched '/session/8b9c12c4-9c1c-4db2-8d1e-b301ec11f45a/element/b169e4e6-9d65-4a00-8a0c-886a267a6e9f/value' to command name 'setValue'
&amp#27;[38;5;96m[Chromedriver@0756 (d105eff1)]&amp#27;[0m Proxying [POST /session/8b9c12c4-9c1c-4db2-8d1e-b301ec11f45a/element/b169e4e6-9d65-4a00-8a0c-886a267a6e9f/value] to [POST http://127.0.0.1:52851/session/d105eff11b76bfce77f640f2b066a387/element/b169e4e6-9d65-4a00-8a0c-886a267a6e9f/value] with body: {"value":["q","w","e","r","t","y","@","1","2","3"],"id":"b169e4e6-9d65-4a00-8a0c-886a267a6e9f","text":"qwerty@123"}
&amp#27;[38;5;96m[Chromedriver@0756 (d105eff1)]&amp#27;[0m Got response with status 200: {"value":null}
&amp#27;[38;5;0m[HTTP]&amp#27;[0m &amp#27;[37m<-- POST /session/8b9c12c4-9c1c-4db2-8d1e-b301ec11f45a/element/b169e4e6-9d65-4a00-8a0c-886a267a6e9f/value &amp#27;[39m&amp#27;[32m200&amp#27;[39m &amp#27;[90m1034 ms - 14&amp#27;[39m
&amp#27;[38;5;0m[HTTP]&amp#27;[0m &amp#27;[90m&amp#27;[39m
&amp#27;[38;5;0m[HTTP]&amp#27;[0m &amp#27;[37m-->&amp#27;[39m &amp#27;[37mPOST&amp#27;[39m &amp#27;[37m/session/8b9c12c4-9c1c-4db2-8d1e-b301ec11f45a/element&amp#27;[39m
&amp#27;[38;5;0m[HTTP]&amp#27;[0m &amp#27;[90m{"value":"/html/body/div/div/div/div/div[1]/div/div/div/form/div[3]/a","using":"xpath"}&amp#27;[39m
&amp#27;[38;5;32m[AndroidUiautomator2Driver@6453 (8b9c12c4)]&amp#27;[0m Driver proxy active, passing request on via HTTP proxy
&amp#27;[38;5;96m[Chromedriver@0756 (d105eff1)]&amp#27;[0m Matched '/session/8b9c12c4-9c1c-4db2-8d1e-b301ec11f45a/element' to command name 'findElement'
&amp#27;[38;5;96m[Chromedriver@0756 (d105eff1)]&amp#27;[0m Proxying [POST /session/8b9c12c4-9c1c-4db2-8d1e-b301ec11f45a/element] to [POST http://127.0.0.1:52851/session/d105eff11b76bfce77f640f2b066a387/element] with body: {"value":"/html/body/div/div/div/div/div[1]/div/div/div/form/div[3]/a","using":"xpath"}
&amp#27;[38;5;96m[Chromedriver@0756 (d105eff1)]&amp#27;[0m Got response with status 200: {"value":{"element-6066-11e4-a52e-4f735466cecf":"19680db0-b662-4788-a397-05fbb27c0d19"}}
&amp#27;[38;5;0m[HTTP]&amp#27;[0m &amp#27;[37m<-- POST /session/8b9c12c4-9c1c-4db2-8d1e-b301ec11f45a/element &amp#27;[39m&amp#27;[32m200&amp#27;[39m &amp#27;[90m48 ms - 137&amp#27;[39m
&amp#27;[38;5;0m[HTTP]&amp#27;[0m &amp#27;[90m&amp#27;[39m
&amp#27;[38;5;0m[HTTP]&amp#27;[0m &amp#27;[37m-->&amp#27;[39m &amp#27;[37mPOST&amp#27;[39m &amp#27;[37m/session/8b9c12c4-9c1c-4db2-8d1e-b301ec11f45a/element/19680db0-b662-4788-a397-05fbb27c0d19/click&amp#27;[39m
&amp#27;[38;5;0m[HTTP]&amp#27;[0m &amp#27;[90m{"id":"19680db0-b662-4788-a397-05fbb27c0d19"}&amp#27;[39m
&amp#27;[38;5;32m[AndroidUiautomator2Driver@6453 (8b9c12c4)]&amp#27;[0m Driver proxy active, passing request on via HTTP proxy
&amp#27;[38;5;96m[Chromedriver@0756 (d105eff1)]&amp#27;[0m Matched '/session/8b9c12c4-9c1c-4db2-8d1e-b301ec11f45a/element/19680db0-b662-4788-a397-05fbb27c0d19/click' to command name 'click'
&amp#27;[38;5;96m[Chromedriver@0756 (d105eff1)]&amp#27;[0m Proxying [POST /session/8b9c12c4-9c1c-4db2-8d1e-b301ec11f45a/element/19680db0-b662-4788-a397-05fbb27c0d19/click] to [POST http://127.0.0.1:52851/session/d105eff11b76bfce77f640f2b066a387/element/19680db0-b662-4788-a397-05fbb27c0d19/click] with body: {"id":"19680db0-b662-4788-a397-05fbb27c0d19"}
&amp#27;[38;5;96m[Chromedriver@0756 (d105eff1)]&amp#27;[0m Got response with status 200: {"value":null}
&amp#27;[38;5;0m[HTTP]&amp#27;[0m &amp#27;[37m<-- POST /session/8b9c12c4-9c1c-4db2-8d1e-b301ec11f45a/element/19680db0-b662-4788-a397-05fbb27c0d19/click &amp#27;[39m&amp#27;[32m200&amp#27;[39m &amp#27;[90m330 ms - 14&amp#27;[39m
&amp#27;[38;5;0m[HTTP]&amp#27;[0m &amp#27;[90m&amp#27;[39m
Logged-In Successfully
&amp#27;[38;5;0m[HTTP]&amp#27;[0m &amp#27;[37m-->&amp#27;[39m &amp#27;[37mPOST&amp#27;[39m &amp#27;[37m/session/8b9c12c4-9c1c-4db2-8d1e-b301ec11f45a/element&amp#27;[39m
&amp#27;[38;5;0m[HTTP]&amp#27;[0m &amp#27;[90m{"value":"//*[@id=\"sidebar\"]/ul/li[1]/a","using":"xpath"}&amp#27;[39m
&amp#27;[38;5;32m[AndroidUiautomator2Driver@6453 (8b9c12c4)]&amp#27;[0m Driver proxy active, passing request on via HTTP proxy
&amp#27;[38;5;96m[Chromedriver@0756 (d105eff1)]&amp#27;[0m Matched '/session/8b9c12c4-9c1c-4db2-8d1e-b301ec11f45a/element' to command name 'findElement'
&amp#27;[38;5;96m[Chromedriver@0756 (d105eff1)]&amp#27;[0m Proxying [POST /session/8b9c12c4-9c1c-4db2-8d1e-b301ec11f45a/element] to [POST http://127.0.0.1:52851/session/d105eff11b76bfce77f640f2b066a387/element] with body: {"value":"//*[@id=\"sidebar\"]/ul/li[1]/a","using":"xpath"}
&amp#27;[38;5;96m[Chromedriver@0756 (d105eff1)]&amp#27;[0m Got response with status 200: {"value":{"element-6066-11e4-a52e-4f735466cecf":"23a86445-7158-4f4c-96ae-b22fc65a4dae"}}
&amp#27;[38;5;0m[HTTP]&amp#27;[0m &amp#27;[37m<-- POST /session/8b9c12c4-9c1c-4db2-8d1e-b301ec11f45a/element &amp#27;[39m&amp#27;[32m200&amp#27;[39m &amp#27;[90m1940 ms - 137&amp#27;[39m
&amp#27;[38;5;0m[HTTP]&amp#27;[0m &amp#27;[90m&amp#27;[39m
&amp#27;[38;5;0m[HTTP]&amp#27;[0m &amp#27;[37m-->&amp#27;[39m &amp#27;[37mPOST&amp#27;[39m &amp#27;[37m/session/8b9c12c4-9c1c-4db2-8d1e-b301ec11f45a/element/23a86445-7158-4f4c-96ae-b22fc65a4dae/click&amp#27;[39m
&amp#27;[38;5;0m[HTTP]&amp#27;[0m &amp#27;[90m{"id":"23a86445-7158-4f4c-96ae-b22fc65a4dae"}&amp#27;[39m
&amp#27;[38;5;32m[AndroidUiautomator2Driver@6453 (8b9c12c4)]&amp#27;[0m Driver proxy active, passing request on via HTTP proxy
&amp#27;[38;5;96m[Chromedriver@0756 (d105eff1)]&amp#27;[0m Matched '/session/8b9c12c4-9c1c-4db2-8d1e-b301ec11f45a/element/23a86445-7158-4f4c-96ae-b22fc65a4dae/click' to command name 'click'
&amp#27;[38;5;96m[Chromedriver@0756 (d105eff1)]&amp#27;[0m Proxying [POST /session/8b9c12c4-9c1c-4db2-8d1e-b301ec11f45a/element/23a86445-7158-4f4c-96ae-b22fc65a4dae/click] to [POST http://127.0.0.1:52851/session/d105eff11b76bfce77f640f2b066a387/element/23a86445-7158-4f4c-96ae-b22fc65a4dae/click] with body: {"id":"23a86445-7158-4f4c-96ae-b22fc65a4dae"}
&amp#27;[38;5;96m[Chromedriver@0756 (d105eff1)]&amp#27;[0m Got response with status 200: {"value":null}
&amp#27;[38;5;0m[HTTP]&amp#27;[0m &amp#27;[37m<-- POST /session/8b9c12c4-9c1c-4db2-8d1e-b301ec11f45a/element/23a86445-7158-4f4c-96ae-b22fc65a4dae/click &amp#27;[39m&amp#27;[32m200&amp#27;[39m &amp#27;[90m1648 ms - 14&amp#27;[39m
&amp#27;[38;5;0m[HTTP]&amp#27;[0m &amp#27;[90m&amp#27;[39m
&amp#27;[38;5;0m[HTTP]&amp#27;[0m &amp#27;[37m-->&amp#27;[39m &amp#27;[37mPOST&amp#27;[39m &amp#27;[37m/session/8b9c12c4-9c1c-4db2-8d1e-b301ec11f45a/element&amp#27;[39m
&amp#27;[38;5;0m[HTTP]&amp#27;[0m &amp#27;[90m{"value":"//*[@id=\"sidebar\"]/ul/li[5]/a","using":"xpath"}&amp#27;[39m
&amp#27;[38;5;32m[AndroidUiautomator2Driver@6453 (8b9c12c4)]&amp#27;[0m Driver proxy active, passing request on via HTTP proxy
&amp#27;[38;5;96m[Chromedriver@0756 (d105eff1)]&amp#27;[0m Matched '/session/8b9c12c4-9c1c-4db2-8d1e-b301ec11f45a/element' to command name 'findElement'
&amp#27;[38;5;96m[Chromedriver@0756 (d105eff1)]&amp#27;[0m Proxying [POST /session/8b9c12c4-9c1c-4db2-8d1e-b301ec11f45a/element] to [POST http://127.0.0.1:52851/session/d105eff11b76bfce77f640f2b066a387/element] with body: {"value":"//*[@id=\"sidebar\"]/ul/li[5]/a","using":"xpath"}
&amp#27;[38;5;96m[Chromedriver@0756 (d105eff1)]&amp#27;[0m Got response with status 200: {"value":{"element-6066-11e4-a52e-4f735466cecf":"77148bc0-d72b-4a6c-93f1-a939a36c7da5"}}
&amp#27;[38;5;0m[HTTP]&amp#27;[0m &amp#27;[37m<-- POST /session/8b9c12c4-9c1c-4db2-8d1e-b301ec11f45a/element &amp#27;[39m&amp#27;[32m200&amp#27;[39m &amp#27;[90m629 ms - 137&amp#27;[39m
&amp#27;[38;5;0m[HTTP]&amp#27;[0m &amp#27;[90m&amp#27;[39m
&amp#27;[38;5;0m[HTTP]&amp#27;[0m &amp#27;[37m-->&amp#27;[39m &amp#27;[37mPOST&amp#27;[39m &amp#27;[37m/session/8b9c12c4-9c1c-4db2-8d1e-b301ec11f45a/element/77148bc0-d72b-4a6c-93f1-a939a36c7da5/click&amp#27;[39m
&amp#27;[38;5;0m[HTTP]&amp#27;[0m &amp#27;[90m{"id":"77148bc0-d72b-4a6c-93f1-a939a36c7da5"}&amp#27;[39m
&amp#27;[38;5;32m[AndroidUiautomator2Driver@6453 (8b9c12c4)]&amp#27;[0m Driver proxy active, passing request on via HTTP proxy
&amp#27;[38;5;96m[Chromedriver@0756 (d105eff1)]&amp#27;[0m Matched '/session/8b9c12c4-9c1c-4db2-8d1e-b301ec11f45a/element/77148bc0-d72b-4a6c-93f1-a939a36c7da5/click' to command name 'click'
&amp#27;[38;5;96m[Chromedriver@0756 (d105eff1)]&amp#27;[0m Proxying [POST /session/8b9c12c4-9c1c-4db2-8d1e-b301ec11f45a/element/77148bc0-d72b-4a6c-93f1-a939a36c7da5/click] to [POST http://127.0.0.1:52851/session/d105eff11b76bfce77f640f2b066a387/element/77148bc0-d72b-4a6c-93f1-a939a36c7da5/click] with body: {"id":"77148bc0-d72b-4a6c-93f1-a939a36c7da5"}
&amp#27;[38;5;96m[Chromedriver@0756 (d105eff1)]&amp#27;[0m Got response with status 200: {"value":null}
&amp#27;[38;5;0m[HTTP]&amp#27;[0m &amp#27;[37m<-- POST /session/8b9c12c4-9c1c-4db2-8d1e-b301ec11f45a/element/77148bc0-d72b-4a6c-93f1-a939a36c7da5/click &amp#27;[39m&amp#27;[32m200&amp#27;[39m &amp#27;[90m379 ms - 14&amp#27;[39m
&amp#27;[38;5;0m[HTTP]&amp#27;[0m &amp#27;[90m&amp#27;[39m
Clicked on Masters
&amp#27;[38;5;0m[HTTP]&amp#27;[0m &amp#27;[37m-->&amp#27;[39m &amp#27;[37mPOST&amp#27;[39m &amp#27;[37m/session/8b9c12c4-9c1c-4db2-8d1e-b301ec11f45a/element&amp#27;[39m
&amp#27;[38;5;0m[HTTP]&amp#27;[0m &amp#27;[90m{"value":"Vendor","using":"link text"}&amp#27;[39m
&amp#27;[38;5;32m[AndroidUiautomator2Driver@6453 (8b9c12c4)]&amp#27;[0m Driver proxy active, passing request on via HTTP proxy
&amp#27;[38;5;96m[Chromedriver@0756 (d105eff1)]&amp#27;[0m Matched '/session/8b9c12c4-9c1c-4db2-8d1e-b301ec11f45a/element' to command name 'findElement'
&amp#27;[38;5;96m[Chromedriver@0756 (d105eff1)]&amp#27;[0m Proxying [POST /session/8b9c12c4-9c1c-4db2-8d1e-b301ec11f45a/element] to [POST http://127.0.0.1:52851/session/d105eff11b76bfce77f640f2b066a387/element] with body: {"value":"Vendor","using":"link text"}
&amp#27;[38;5;96m[Chromedriver@0756 (d105eff1)]&amp#27;[0m Got response with status 200: {"value":{"element-6066-11e4-a52e-4f735466cecf":"7de26cb4-e6d7-4797-82ef-64b7560bf997"}}
&amp#27;[38;5;0m[HTTP]&amp#27;[0m &amp#27;[37m<-- POST /session/8b9c12c4-9c1c-4db2-8d1e-b301ec11f45a/element &amp#27;[39m&amp#27;[32m200&amp#27;[39m &amp#27;[90m160 ms - 137&amp#27;[39m
&amp#27;[38;5;0m[HTTP]&amp#27;[0m &amp#27;[90m&amp#27;[39m
&amp#27;[38;5;0m[HTTP]&amp#27;[0m &amp#27;[37m-->&amp#27;[39m &amp#27;[37mPOST&amp#27;[39m &amp#27;[37m/session/8b9c12c4-9c1c-4db2-8d1e-b301ec11f45a/element/7de26cb4-e6d7-4797-82ef-64b7560bf997/click&amp#27;[39m
&amp#27;[38;5;0m[HTTP]&amp#27;[0m &amp#27;[90m{"id":"7de26cb4-e6d7-4797-82ef-64b7560bf997"}&amp#27;[39m
&amp#27;[38;5;32m[AndroidUiautomator2Driver@6453 (8b9c12c4)]&amp#27;[0m Driver proxy active, passing request on via HTTP proxy
&amp#27;[38;5;96m[Chromedriver@0756 (d105eff1)]&amp#27;[0m Matched '/session/8b9c12c4-9c1c-4db2-8d1e-b301ec11f45a/element/7de26cb4-e6d7-4797-82ef-64b7560bf997/click' to command name 'click'
&amp#27;[38;5;96m[Chromedriver@0756 (d105eff1)]&amp#27;[0m Proxying [POST /session/8b9c12c4-9c1c-4db2-8d1e-b301ec11f45a/element/7de26cb4-e6d7-4797-82ef-64b7560bf997/click] to [POST http://127.0.0.1:52851/session/d105eff11b76bfce77f640f2b066a387/element/7de26cb4-e6d7-4797-82ef-64b7560bf997/click] with body: {"id":"7de26cb4-e6d7-4797-82ef-64b7560bf997"}
&amp#27;[38;5;96m[Chromedriver@0756 (d105eff1)]&amp#27;[0m Got response with status 200: {"value":null}
&amp#27;[38;5;0m[HTTP]&amp#27;[0m &amp#27;[37m<-- POST /session/8b9c12c4-9c1c-4db2-8d1e-b301ec11f45a/element/7de26cb4-e6d7-4797-82ef-64b7560bf997/click &amp#27;[39m&amp#27;[32m200&amp#27;[39m &amp#27;[90m676 ms - 14&amp#27;[39m
&amp#27;[38;5;0m[HTTP]&amp#27;[0m &amp#27;[90m&amp#27;[39m
&amp#27;[38;5;0m[HTTP]&amp#27;[0m &amp#27;[37m-->&amp#27;[39m &amp#27;[37mPOST&amp#27;[39m &amp#27;[37m/session/8b9c12c4-9c1c-4db2-8d1e-b301ec11f45a/element&amp#27;[39m
&amp#27;[38;5;0m[HTTP]&amp#27;[0m &amp#27;[90m{"value":"body > div.wrapper.d-flex.flex-column.min-vh-100.bg-light.dark\\:bg-transparent > header > div:nth-child(1) > button:nth-child(1) > svg","using":"css selector"}&amp#27;[39m
&amp#27;[38;5;32m[AndroidUiautomator2Driver@6453 (8b9c12c4)]&amp#27;[0m Driver proxy active, passing request on via HTTP proxy
&amp#27;[38;5;96m[Chromedriver@0756 (d105eff1)]&amp#27;[0m Matched '/session/8b9c12c4-9c1c-4db2-8d1e-b301ec11f45a/element' to command name 'findElement'
&amp#27;[38;5;96m[Chromedriver@0756 (d105eff1)]&amp#27;[0m Proxying [POST /session/8b9c12c4-9c1c-4db2-8d1e-b301ec11f45a/element] to [POST http://127.0.0.1:52851/session/d105eff11b76bfce77f640f2b066a387/element] with body: {"value":"body > div.wrapper.d-flex.flex-column.min-vh-100.bg-light.dark\\:bg-transparent > header > div:nth-child(1) > button:nth-child(1) > svg","using":"css selector"}
&amp#27;[38;5;96m[Chromedriver@0756 (d105eff1)]&amp#27;[0m Got response with status 200: {"value":{"element-6066-11e4-a52e-4f735466cecf":"9d5d828e-0c5f-4ebc-9d96-fcbe2e978fa2"}}
&amp#27;[38;5;0m[HTTP]&amp#27;[0m &amp#27;[37m<-- POST /session/8b9c12c4-9c1c-4db2-8d1e-b301ec11f45a/element &amp#27;[39m&amp#27;[32m200&amp#27;[39m &amp#27;[90m388 ms - 137&amp#27;[39m
&amp#27;[38;5;0m[HTTP]&amp#27;[0m &amp#27;[90m&amp#27;[39m
&amp#27;[38;5;0m[HTTP]&amp#27;[0m &amp#27;[37m-->&amp#27;[39m &amp#27;[37mPOST&amp#27;[39m &amp#27;[37m/session/8b9c12c4-9c1c-4db2-8d1e-b301ec11f45a/element/9d5d828e-0c5f-4ebc-9d96-fcbe2e978fa2/click&amp#27;[39m
&amp#27;[38;5;0m[HTTP]&amp#27;[0m &amp#27;[90m{"id":"9d5d828e-0c5f-4ebc-9d96-fcbe2e978fa2"}&amp#27;[39m
&amp#27;[38;5;32m[AndroidUiautomator2Driver@6453 (8b9c12c4)]&amp#27;[0m Driver proxy active, passing request on via HTTP proxy
&amp#27;[38;5;96m[Chromedriver@0756 (d105eff1)]&amp#27;[0m Matched '/session/8b9c12c4-9c1c-4db2-8d1e-b301ec11f45a/element/9d5d828e-0c5f-4ebc-9d96-fcbe2e978fa2/click' to command name 'click'
&amp#27;[38;5;96m[Chromedriver@0756 (d105eff1)]&amp#27;[0m Proxying [POST /session/8b9c12c4-9c1c-4db2-8d1e-b301ec11f45a/element/9d5d828e-0c5f-4ebc-9d96-fcbe2e978fa2/click] to [POST http://127.0.0.1:52851/session/d105eff11b76bfce77f640f2b066a387/element/9d5d828e-0c5f-4ebc-9d96-fcbe2e978fa2/click] with body: {"id":"9d5d828e-0c5f-4ebc-9d96-fcbe2e978fa2"}
&amp#27;[38;5;96m[Chromedriver@0756 (d105eff1)]&amp#27;[0m Got response with status 200: {"value":null}
&amp#27;[38;5;0m[HTTP]&amp#27;[0m &amp#27;[37m<-- POST /session/8b9c12c4-9c1c-4db2-8d1e-b301ec11f45a/element/9d5d828e-0c5f-4ebc-9d96-fcbe2e978fa2/click &amp#27;[39m&amp#27;[32m200&amp#27;[39m &amp#27;[90m671 ms - 14&amp#27;[39m
&amp#27;[38;5;0m[HTTP]&amp#27;[0m &amp#27;[90m&amp#27;[39m
DashBoard Closed
&amp#27;[38;5;0m[HTTP]&amp#27;[0m &amp#27;[37m-->&amp#27;[39m &amp#27;[37mPOST&amp#27;[39m &amp#27;[37m/session/8b9c12c4-9c1c-4db2-8d1e-b301ec11f45a/element&amp#27;[39m
&amp#27;[38;5;0m[HTTP]&amp#27;[0m &amp#27;[90m{"value":"#id_new_span","using":"css selector"}&amp#27;[39m
&amp#27;[38;5;32m[AndroidUiautomator2Driver@6453 (8b9c12c4)]&amp#27;[0m Driver proxy active, passing request on via HTTP proxy
&amp#27;[38;5;96m[Chromedriver@0756 (d105eff1)]&amp#27;[0m Matched '/session/8b9c12c4-9c1c-4db2-8d1e-b301ec11f45a/element' to command name 'findElement'
&amp#27;[38;5;96m[Chromedriver@0756 (d105eff1)]&amp#27;[0m Proxying [POST /session/8b9c12c4-9c1c-4db2-8d1e-b301ec11f45a/element] to [POST http://127.0.0.1:52851/session/d105eff11b76bfce77f640f2b066a387/element] with body: {"value":"#id_new_span","using":"css selector"}
&amp#27;[38;5;96m[Chromedriver@0756 (d105eff1)]&amp#27;[0m Got response with status 200: {"value":{"element-6066-11e4-a52e-4f735466cecf":"b6cda2fd-e665-4535-a528-ea36d7502e70"}}
&amp#27;[38;5;0m[HTTP]&amp#27;[0m &amp#27;[37m<-- POST /session/8b9c12c4-9c1c-4db2-8d1e-b301ec11f45a/element &amp#27;[39m&amp#27;[32m200&amp#27;[39m &amp#27;[90m167 ms - 137&amp#27;[39m
&amp#27;[38;5;0m[HTTP]&amp#27;[0m &amp#27;[90m&amp#27;[39m
&amp#27;[38;5;0m[HTTP]&amp#27;[0m &amp#27;[37m-->&amp#27;[39m &amp#27;[37mPOST&amp#27;[39m &amp#27;[37m/session/8b9c12c4-9c1c-4db2-8d1e-b301ec11f45a/element/b6cda2fd-e665-4535-a528-ea36d7502e70/click&amp#27;[39m
&amp#27;[38;5;0m[HTTP]&amp#27;[0m &amp#27;[90m{"id":"b6cda2fd-e665-4535-a528-ea36d7502e70"}&amp#27;[39m
&amp#27;[38;5;32m[AndroidUiautomator2Driver@6453 (8b9c12c4)]&amp#27;[0m Driver proxy active, passing request on via HTTP proxy
&amp#27;[38;5;96m[Chromedriver@0756 (d105eff1)]&amp#27;[0m Matched '/session/8b9c12c4-9c1c-4db2-8d1e-b301ec11f45a/element/b6cda2fd-e665-4535-a528-ea36d7502e70/click' to command name 'click'
&amp#27;[38;5;96m[Chromedriver@0756 (d105eff1)]&amp#27;[0m Proxying [POST /session/8b9c12c4-9c1c-4db2-8d1e-b301ec11f45a/element/b6cda2fd-e665-4535-a528-ea36d7502e70/click] to [POST http://127.0.0.1:52851/session/d105eff11b76bfce77f640f2b066a387/element/b6cda2fd-e665-4535-a528-ea36d7502e70/click] with body: {"id":"b6cda2fd-e665-4535-a528-ea36d7502e70"}
&amp#27;[38;5;96m[Chromedriver@0756 (d105eff1)]&amp#27;[0m Got response with status 200: {"value":null}
&amp#27;[38;5;0m[HTTP]&amp#27;[0m &amp#27;[37m<-- POST /session/8b9c12c4-9c1c-4db2-8d1e-b301ec11f45a/element/b6cda2fd-e665-4535-a528-ea36d7502e70/click &amp#27;[39m&amp#27;[32m200&amp#27;[39m &amp#27;[90m374 ms - 14&amp#27;[39m
&amp#27;[38;5;0m[HTTP]&amp#27;[0m &amp#27;[90m&amp#27;[39m
&amp#27;[38;5;0m[HTTP]&amp#27;[0m &amp#27;[37m-->&amp#27;[39m &amp#27;[37mPOST&amp#27;[39m &amp#27;[37m/session/8b9c12c4-9c1c-4db2-8d1e-b301ec11f45a/element&amp#27;[39m
&amp#27;[38;5;0m[HTTP]&amp#27;[0m &amp#27;[90m{"value":"#id_description","using":"css selector"}&amp#27;[39m
&amp#27;[38;5;32m[AndroidUiautomator2Driver@6453 (8b9c12c4)]&amp#27;[0m Driver proxy active, passing request on via HTTP proxy
&amp#27;[38;5;96m[Chromedriver@0756 (d105eff1)]&amp#27;[0m Matched '/session/8b9c12c4-9c1c-4db2-8d1e-b301ec11f45a/element' to command name 'findElement'
&amp#27;[38;5;96m[Chromedriver@0756 (d105eff1)]&amp#27;[0m Proxying [POST /session/8b9c12c4-9c1c-4db2-8d1e-b301ec11f45a/element] to [POST http://127.0.0.1:52851/session/d105eff11b76bfce77f640f2b066a387/element] with body: {"value":"#id_description","using":"css selector"}
&amp#27;[38;5;96m[Chromedriver@0756 (d105eff1)]&amp#27;[0m Got response with status 200: {"value":{"element-6066-11e4-a52e-4f735466cecf":"41d4ba67-9bf9-4445-b009-c460397f5792"}}
&amp#27;[38;5;0m[HTTP]&amp#27;[0m &amp#27;[37m<-- POST /session/8b9c12c4-9c1c-4db2-8d1e-b301ec11f45a/element &amp#27;[39m&amp#27;[32m200&amp#27;[39m &amp#27;[90m176 ms - 137&amp#27;[39m
&amp#27;[38;5;0m[HTTP]&amp#27;[0m &amp#27;[90m&amp#27;[39m
&amp#27;[38;5;0m[HTTP]&amp#27;[0m &amp#27;[37m-->&amp#27;[39m &amp#27;[37mPOST&amp#27;[39m &amp#27;[37m/session/8b9c12c4-9c1c-4db2-8d1e-b301ec11f45a/element/41d4ba67-9bf9-4445-b009-c460397f5792/value&amp#27;[39m
&amp#27;[38;5;0m[HTTP]&amp#27;[0m &amp#27;[90m{"value":["C","o","f","f","e","e"," ","H","o","u","s","e"],"id":"41d4ba67-9bf9-4445-b009-c460397f5792","text":"Coffee House"}&amp#27;[39m
&amp#27;[38;5;32m[AndroidUiautomator2Driver@6453 (8b9c12c4)]&amp#27;[0m Driver proxy active, passing request on via HTTP proxy
&amp#27;[38;5;96m[Chromedriver@0756 (d105eff1)]&amp#27;[0m Matched '/session/8b9c12c4-9c1c-4db2-8d1e-b301ec11f45a/element/41d4ba67-9bf9-4445-b009-c460397f5792/value' to command name 'setValue'
&amp#27;[38;5;96m[Chromedriver@0756 (d105eff1)]&amp#27;[0m Proxying [POST /session/8b9c12c4-9c1c-4db2-8d1e-b301ec11f45a/element/41d4ba67-9bf9-4445-b009-c460397f5792/value] to [POST http://127.0.0.1:52851/session/d105eff11b76bfce77f640f2b066a387/element/41d4ba67-9bf9-4445-b009-c460397f5792/value] with body: {"value":["C","o","f","f","e","e"," ","H","o","u","s","e"],"id":"41d4ba67-9bf9-4445-b009-c460397f5792","text":"Coffee House"}
&amp#27;[38;5;96m[Chromedriver@0756 (d105eff1)]&amp#27;[0m Got response with status 200: {"value":null}
&amp#27;[38;5;0m[HTTP]&amp#27;[0m &amp#27;[37m<-- POST /session/8b9c12c4-9c1c-4db2-8d1e-b301ec11f45a/element/41d4ba67-9bf9-4445-b009-c460397f5792/value &amp#27;[39m&amp#27;[32m200&amp#27;[39m &amp#27;[90m1173 ms - 14&amp#27;[39m
&amp#27;[38;5;0m[HTTP]&amp#27;[0m &amp#27;[90m&amp#27;[39m
&amp#27;[38;5;0m[HTTP]&amp#27;[0m &amp#27;[37m-->&amp#27;[39m &amp#27;[37mPOST&amp#27;[39m &amp#27;[37m/session/8b9c12c4-9c1c-4db2-8d1e-b301ec11f45a/element&amp#27;[39m
&amp#27;[38;5;0m[HTTP]&amp#27;[0m &amp#27;[90m{"value":"#id_address","using":"css selector"}&amp#27;[39m
&amp#27;[38;5;32m[AndroidUiautomator2Driver@6453 (8b9c12c4)]&amp#27;[0m Driver proxy active, passing request on via HTTP proxy
&amp#27;[38;5;96m[Chromedriver@0756 (d105eff1)]&amp#27;[0m Matched '/session/8b9c12c4-9c1c-4db2-8d1e-b301ec11f45a/element' to command name 'findElement'
&amp#27;[38;5;96m[Chromedriver@0756 (d105eff1)]&amp#27;[0m Proxying [POST /session/8b9c12c4-9c1c-4db2-8d1e-b301ec11f45a/element] to [POST http://127.0.0.1:52851/session/d105eff11b76bfce77f640f2b066a387/element] with body: {"value":"#id_address","using":"css selector"}
&amp#27;[38;5;96m[Chromedriver@0756 (d105eff1)]&amp#27;[0m Got response with status 200: {"value":{"element-6066-11e4-a52e-4f735466cecf":"fab75e66-93f6-4730-987a-7eea8036ffdc"}}
&amp#27;[38;5;0m[HTTP]&amp#27;[0m &amp#27;[37m<-- POST /session/8b9c12c4-9c1c-4db2-8d1e-b301ec11f45a/element &amp#27;[39m&amp#27;[32m200&amp#27;[39m &amp#27;[90m42 ms - 137&amp#27;[39m
&amp#27;[38;5;0m[HTTP]&amp#27;[0m &amp#27;[90m&amp#27;[39m
&amp#27;[38;5;0m[HTTP]&amp#27;[0m &amp#27;[37m-->&amp#27;[39m &amp#27;[37mPOST&amp#27;[39m &amp#27;[37m/session/8b9c12c4-9c1c-4db2-8d1e-b301ec11f45a/element/fab75e66-93f6-4730-987a-7eea8036ffdc/value&amp#27;[39m
&amp#27;[38;5;0m[HTTP]&amp#27;[0m &amp#27;[90m{"value":["U","n","k","n","o","w","n"],"id":"fab75e66-93f6-4730-987a-7eea8036ffdc","text":"Unknown"}&amp#27;[39m
&amp#27;[38;5;32m[AndroidUiautomator2Driver@6453 (8b9c12c4)]&amp#27;[0m Driver proxy active, passing request on via HTTP proxy
&amp#27;[38;5;96m[Chromedriver@0756 (d105eff1)]&amp#27;[0m Matched '/session/8b9c12c4-9c1c-4db2-8d1e-b301ec11f45a/element/fab75e66-93f6-4730-987a-7eea8036ffdc/value' to command name 'setValue'
&amp#27;[38;5;96m[Chromedriver@0756 (d105eff1)]&amp#27;[0m Proxying [POST /session/8b9c12c4-9c1c-4db2-8d1e-b301ec11f45a/element/fab75e66-93f6-4730-987a-7eea8036ffdc/value] to [POST http://127.0.0.1:52851/session/d105eff11b76bfce77f640f2b066a387/element/fab75e66-93f6-4730-987a-7eea8036ffdc/value] with body: {"value":["U","n","k","n","o","w","n"],"id":"fab75e66-93f6-4730-987a-7eea8036ffdc","text":"Unknown"}
&amp#27;[38;5;96m[Chromedriver@0756 (d105eff1)]&amp#27;[0m Got response with status 200: {"value":null}
&amp#27;[38;5;0m[HTTP]&amp#27;[0m &amp#27;[37m<-- POST /session/8b9c12c4-9c1c-4db2-8d1e-b301ec11f45a/element/fab75e66-93f6-4730-987a-7eea8036ffdc/value &amp#27;[39m&amp#27;[32m200&amp#27;[39m &amp#27;[90m553 ms - 14&amp#27;[39m
&amp#27;[38;5;0m[HTTP]&amp#27;[0m &amp#27;[90m&amp#27;[39m
&amp#27;[38;5;0m[HTTP]&amp#27;[0m &amp#27;[37m-->&amp#27;[39m &amp#27;[37mPOST&amp#27;[39m &amp#27;[37m/session/8b9c12c4-9c1c-4db2-8d1e-b301ec11f45a/element&amp#27;[39m
&amp#27;[38;5;0m[HTTP]&amp#27;[0m &amp#27;[90m{"value":"#id_email","using":"css selector"}&amp#27;[39m
&amp#27;[38;5;32m[AndroidUiautomator2Driver@6453 (8b9c12c4)]&amp#27;[0m Driver proxy active, passing request on via HTTP proxy
&amp#27;[38;5;96m[Chromedriver@0756 (d105eff1)]&amp#27;[0m Matched '/session/8b9c12c4-9c1c-4db2-8d1e-b301ec11f45a/element' to command name 'findElement'
&amp#27;[38;5;96m[Chromedriver@0756 (d105eff1)]&amp#27;[0m Proxying [POST /session/8b9c12c4-9c1c-4db2-8d1e-b301ec11f45a/element] to [POST http://127.0.0.1:52851/session/d105eff11b76bfce77f640f2b066a387/element] with body: {"value":"#id_email","using":"css selector"}
&amp#27;[38;5;96m[Chromedriver@0756 (d105eff1)]&amp#27;[0m Got response with status 200: {"value":{"element-6066-11e4-a52e-4f735466cecf":"ec9aee68-ee81-4512-8a48-05979c8ca75a"}}
&amp#27;[38;5;0m[HTTP]&amp#27;[0m &amp#27;[37m<-- POST /session/8b9c12c4-9c1c-4db2-8d1e-b301ec11f45a/element &amp#27;[39m&amp#27;[32m200&amp#27;[39m &amp#27;[90m36 ms - 137&amp#27;[39m
&amp#27;[38;5;0m[HTTP]&amp#27;[0m &amp#27;[90m&amp#27;[39m
&amp#27;[38;5;0m[HTTP]&amp#27;[0m &amp#27;[37m-->&amp#27;[39m &amp#27;[37mPOST&amp#27;[39m &amp#27;[37m/session/8b9c12c4-9c1c-4db2-8d1e-b301ec11f45a/element/ec9aee68-ee81-4512-8a48-05979c8ca75a/value&amp#27;[39m
&amp#27;[38;5;0m[HTTP]&amp#27;[0m &amp#27;[90m{"value":["c","o","f","f","e","e","h","o","u","s","e","@","g","m","a","i","l",".","c","o","m"],"id":"ec9aee68-ee81-4512-8a48-05979c8ca75a","text":"coffeehouse@gmail.com"}&amp#27;[39m
&amp#27;[38;5;32m[AndroidUiautomator2Driver@6453 (8b9c12c4)]&amp#27;[0m Driver proxy active, passing request on via HTTP proxy
&amp#27;[38;5;96m[Chromedriver@0756 (d105eff1)]&amp#27;[0m Matched '/session/8b9c12c4-9c1c-4db2-8d1e-b301ec11f45a/element/ec9aee68-ee81-4512-8a48-05979c8ca75a/value' to command name 'setValue'
&amp#27;[38;5;96m[Chromedriver@0756 (d105eff1)]&amp#27;[0m Proxying [POST /session/8b9c12c4-9c1c-4db2-8d1e-b301ec11f45a/element/ec9aee68-ee81-4512-8a48-05979c8ca75a/value] to [POST http://127.0.0.1:52851/session/d105eff11b76bfce77f640f2b066a387/element/ec9aee68-ee81-4512-8a48-05979c8ca75a/value] with body: {"value":["c","o","f","f","e","e","h","o","u","s","e","@","g","m","a","i","l",".","c","o","m"],"id":"ec9aee68-ee81-4512-8a48-05979c8ca75a","text":"coffeehouse@gmail.com"}
&amp#27;[38;5;96m[Chromedriver@0756 (d105eff1)]&amp#27;[0m Got response with status 200: {"value":null}
&amp#27;[38;5;0m[HTTP]&amp#27;[0m &amp#27;[37m<-- POST /session/8b9c12c4-9c1c-4db2-8d1e-b301ec11f45a/element/ec9aee68-ee81-4512-8a48-05979c8ca75a/value &amp#27;[39m&amp#27;[32m200&amp#27;[39m &amp#27;[90m1076 ms - 14&amp#27;[39m
&amp#27;[38;5;0m[HTTP]&amp#27;[0m &amp#27;[90m&amp#27;[39m
&amp#27;[38;5;0m[HTTP]&amp#27;[0m &amp#27;[37m-->&amp#27;[39m &amp#27;[37mPOST&amp#27;[39m &amp#27;[37m/session/8b9c12c4-9c1c-4db2-8d1e-b301ec11f45a/element&amp#27;[39m
&amp#27;[38;5;0m[HTTP]&amp#27;[0m &amp#27;[90m{"value":"#id_company_category1","using":"css selector"}&amp#27;[39m
&amp#27;[38;5;32m[AndroidUiautomator2Driver@6453 (8b9c12c4)]&amp#27;[0m Driver proxy active, passing request on via HTTP proxy
&amp#27;[38;5;96m[Chromedriver@0756 (d105eff1)]&amp#27;[0m Matched '/session/8b9c12c4-9c1c-4db2-8d1e-b301ec11f45a/element' to command name 'findElement'
&amp#27;[38;5;96m[Chromedriver@0756 (d105eff1)]&amp#27;[0m Proxying [POST /session/8b9c12c4-9c1c-4db2-8d1e-b301ec11f45a/element] to [POST http://127.0.0.1:52851/session/d105eff11b76bfce77f640f2b066a387/element] with body: {"value":"#id_company_category1","using":"css selector"}
&amp#27;[38;5;96m[Chromedriver@0756 (d105eff1)]&amp#27;[0m Got response with status 200: {"value":{"element-6066-11e4-a52e-4f735466cecf":"81589850-53fc-4928-b35e-029a1f071a5c"}}
&amp#27;[38;5;0m[HTTP]&amp#27;[0m &amp#27;[37m<-- POST /session/8b9c12c4-9c1c-4db2-8d1e-b301ec11f45a/element &amp#27;[39m&amp#27;[32m200&amp#27;[39m &amp#27;[90m84 ms - 137&amp#27;[39m
&amp#27;[38;5;0m[HTTP]&amp#27;[0m &amp#27;[90m&amp#27;[39m
&amp#27;[38;5;0m[HTTP]&amp#27;[0m &amp#27;[37m-->&amp#27;[39m &amp#27;[37mPOST&amp#27;[39m &amp#27;[37m/session/8b9c12c4-9c1c-4db2-8d1e-b301ec11f45a/element/81589850-53fc-4928-b35e-029a1f071a5c/click&amp#27;[39m
&amp#27;[38;5;0m[HTTP]&amp#27;[0m &amp#27;[90m{"id":"81589850-53fc-4928-b35e-029a1f071a5c"}&amp#27;[39m
&amp#27;[38;5;32m[AndroidUiautomator2Driver@6453 (8b9c12c4)]&amp#27;[0m Driver proxy active, passing request on via HTTP proxy
&amp#27;[38;5;96m[Chromedriver@0756 (d105eff1)]&amp#27;[0m Matched '/session/8b9c12c4-9c1c-4db2-8d1e-b301ec11f45a/element/81589850-53fc-4928-b35e-029a1f071a5c/click' to command name 'click'
&amp#27;[38;5;96m[Chromedriver@0756 (d105eff1)]&amp#27;[0m Proxying [POST /session/8b9c12c4-9c1c-4db2-8d1e-b301ec11f45a/element/81589850-53fc-4928-b35e-029a1f071a5c/click] to [POST http://127.0.0.1:52851/session/d105eff11b76bfce77f640f2b066a387/element/81589850-53fc-4928-b35e-029a1f071a5c/click] with body: {"id":"81589850-53fc-4928-b35e-029a1f071a5c"}
&amp#27;[38;5;96m[Chromedriver@0756 (d105eff1)]&amp#27;[0m Got response with status 200: {"value":null}
&amp#27;[38;5;0m[HTTP]&amp#27;[0m &amp#27;[37m<-- POST /session/8b9c12c4-9c1c-4db2-8d1e-b301ec11f45a/element/81589850-53fc-4928-b35e-029a1f071a5c/click &amp#27;[39m&amp#27;[32m200&amp#27;[39m &amp#27;[90m328 ms - 14&amp#27;[39m
&amp#27;[38;5;0m[HTTP]&amp#27;[0m &amp#27;[90m&amp#27;[39m
&amp#27;[38;5;0m[HTTP]&amp#27;[0m &amp#27;[37m-->&amp#27;[39m &amp#27;[37mPOST&amp#27;[39m &amp#27;[37m/session/8b9c12c4-9c1c-4db2-8d1e-b301ec11f45a/element&amp#27;[39m
&amp#27;[38;5;0m[HTTP]&amp#27;[0m &amp#27;[90m{"value":"#btn_save_master","using":"css selector"}&amp#27;[39m
&amp#27;[38;5;32m[AndroidUiautomator2Driver@6453 (8b9c12c4)]&amp#27;[0m Driver proxy active, passing request on via HTTP proxy
&amp#27;[38;5;96m[Chromedriver@0756 (d105eff1)]&amp#27;[0m Matched '/session/8b9c12c4-9c1c-4db2-8d1e-b301ec11f45a/element' to command name 'findElement'
&amp#27;[38;5;96m[Chromedriver@0756 (d105eff1)]&amp#27;[0m Proxying [POST /session/8b9c12c4-9c1c-4db2-8d1e-b301ec11f45a/element] to [POST http://127.0.0.1:52851/session/d105eff11b76bfce77f640f2b066a387/element] with body: {"value":"#btn_save_master","using":"css selector"}
&amp#27;[38;5;96m[Chromedriver@0756 (d105eff1)]&amp#27;[0m Got response with status 200: {"value":{"element-6066-11e4-a52e-4f735466cecf":"b8bdb9d4-af71-4b75-8399-4ca99435f695"}}
&amp#27;[38;5;0m[HTTP]&amp#27;[0m &amp#27;[37m<-- POST /session/8b9c12c4-9c1c-4db2-8d1e-b301ec11f45a/element &amp#27;[39m&amp#27;[32m200&amp#27;[39m &amp#27;[90m67 ms - 137&amp#27;[39m
&amp#27;[38;5;0m[HTTP]&amp#27;[0m &amp#27;[90m&amp#27;[39m
&amp#27;[38;5;0m[HTTP]&amp#27;[0m &amp#27;[37m-->&amp#27;[39m &amp#27;[37mPOST&amp#27;[39m &amp#27;[37m/session/8b9c12c4-9c1c-4db2-8d1e-b301ec11f45a/execute/sync&amp#27;[39m
&amp#27;[38;5;0m[HTTP]&amp#27;[0m &amp#27;[90m{"args":[{"element-6066-11e4-a52e-4f735466cecf":"b8bdb9d4-af71-4b75-8399-4ca99435f695"}],"script":"arguments[0].scrollIntoView(true)"}&amp#27;[39m
&amp#27;[38;5;32m[AndroidUiautomator2Driver@6453 (8b9c12c4)]&amp#27;[0m Calling AppiumDriver.execute() with args: ["arguments[0].scrollIntoView(true)",[{"element-6066-11e4-a52e-4f735466cecf":"b8bdb9d4-af71-4b75-8399-4ca99435f695"}],"8b9c12c4-9c1c-4db2-8d1e-b301ec11f45a"]
&amp#27;[38;5;96m[Chromedriver@0756 (d105eff1)]&amp#27;[0m Matched '/execute/sync' to command name 'execute'
&amp#27;[38;5;96m[Chromedriver@0756 (d105eff1)]&amp#27;[0m Did not know how to rewrite the original URL '/execute/sync' for W3C protocol
&amp#27;[38;5;96m[Chromedriver@0756 (d105eff1)]&amp#27;[0m Proxying [POST /execute/sync] to [POST http://127.0.0.1:52851/session/d105eff11b76bfce77f640f2b066a387/execute/sync] with body: {"script":"arguments[0].scrollIntoView(true)","args":[{"element-6066-11e4-a52e-4f735466cecf":"b8bdb9d4-af71-4b75-8399-4ca99435f695"}]}
&amp#27;[38;5;96m[Chromedriver@0756 (d105eff1)]&amp#27;[0m Got response with status 200: {"value":null}
&amp#27;[38;5;32m[AndroidUiautomator2Driver@6453 (8b9c12c4)]&amp#27;[0m Responding to client with driver.execute() result: null
&amp#27;[38;5;0m[HTTP]&amp#27;[0m &amp#27;[37m<-- POST /session/8b9c12c4-9c1c-4db2-8d1e-b301ec11f45a/execute/sync &amp#27;[39m&amp#27;[32m200&amp#27;[39m &amp#27;[90m50 ms - 14&amp#27;[39m
&amp#27;[38;5;0m[HTTP]&amp#27;[0m &amp#27;[90m&amp#27;[39m
&amp#27;[38;5;0m[HTTP]&amp#27;[0m &amp#27;[37m-->&amp#27;[39m &amp#27;[37mPOST&amp#27;[39m &amp#27;[37m/session/8b9c12c4-9c1c-4db2-8d1e-b301ec11f45a/element&amp#27;[39m
&amp#27;[38;5;0m[HTTP]&amp#27;[0m &amp#27;[90m{"value":"#btn_save_master","using":"css selector"}&amp#27;[39m
&amp#27;[38;5;32m[AndroidUiautomator2Driver@6453 (8b9c12c4)]&amp#27;[0m Driver proxy active, passing request on via HTTP proxy
&amp#27;[38;5;96m[Chromedriver@0756 (d105eff1)]&amp#27;[0m Matched '/session/8b9c12c4-9c1c-4db2-8d1e-b301ec11f45a/element' to command name 'findElement'
&amp#27;[38;5;96m[Chromedriver@0756 (d105eff1)]&amp#27;[0m Proxying [POST /session/8b9c12c4-9c1c-4db2-8d1e-b301ec11f45a/element] to [POST http://127.0.0.1:52851/session/d105eff11b76bfce77f640f2b066a387/element] with body: {"value":"#btn_save_master","using":"css selector"}
&amp#27;[38;5;96m[Chromedriver@0756 (d105eff1)]&amp#27;[0m Got response with status 200: {"value":{"element-6066-11e4-a52e-4f735466cecf":"b8bdb9d4-af71-4b75-8399-4ca99435f695"}}
&amp#27;[38;5;0m[HTTP]&amp#27;[0m &amp#27;[37m<-- POST /session/8b9c12c4-9c1c-4db2-8d1e-b301ec11f45a/element &amp#27;[39m&amp#27;[32m200&amp#27;[39m &amp#27;[90m31 ms - 137&amp#27;[39m
&amp#27;[38;5;0m[HTTP]&amp#27;[0m &amp#27;[90m&amp#27;[39m
&amp#27;[38;5;0m[HTTP]&amp#27;[0m &amp#27;[37m-->&amp#27;[39m &amp#27;[37mPOST&amp#27;[39m &amp#27;[37m/session/8b9c12c4-9c1c-4db2-8d1e-b301ec11f45a/element/b8bdb9d4-af71-4b75-8399-4ca99435f695/click&amp#27;[39m
&amp#27;[38;5;0m[HTTP]&amp#27;[0m &amp#27;[90m{"id":"b8bdb9d4-af71-4b75-8399-4ca99435f695"}&amp#27;[39m
&amp#27;[38;5;32m[AndroidUiautomator2Driver@6453 (8b9c12c4)]&amp#27;[0m Driver proxy active, passing request on via HTTP proxy
&amp#27;[38;5;96m[Chromedriver@0756 (d105eff1)]&amp#27;[0m Matched '/session/8b9c12c4-9c1c-4db2-8d1e-b301ec11f45a/element/b8bdb9d4-af71-4b75-8399-4ca99435f695/click' to command name 'click'
&amp#27;[38;5;96m[Chromedriver@0756 (d105eff1)]&amp#27;[0m Proxying [POST /session/8b9c12c4-9c1c-4db2-8d1e-b301ec11f45a/element/b8bdb9d4-af71-4b75-8399-4ca99435f695/click] to [POST http://127.0.0.1:52851/session/d105eff11b76bfce77f640f2b066a387/element/b8bdb9d4-af71-4b75-8399-4ca99435f695/click] with body: {"id":"b8bdb9d4-af71-4b75-8399-4ca99435f695"}
&amp#27;[38;5;96m[Chromedriver@0756 (d105eff1)]&amp#27;[0m Got response with status 200: {"value":null}
&amp#27;[38;5;0m[HTTP]&amp#27;[0m &amp#27;[37m<-- POST /session/8b9c12c4-9c1c-4db2-8d1e-b301ec11f45a/element/b8bdb9d4-af71-4b75-8399-4ca99435f695/click &amp#27;[39m&amp#27;[32m200&amp#27;[39m &amp#27;[90m309 ms - 14&amp#27;[39m
&amp#27;[38;5;0m[HTTP]&amp#27;[0m &amp#27;[90m&amp#27;[39m
&amp#27;[38;5;0m[HTTP]&amp#27;[0m &amp#27;[37m-->&amp#27;[39m &amp#27;[37mPOST&amp#27;[39m &amp#27;[37m/session/8b9c12c4-9c1c-4db2-8d1e-b301ec11f45a/element&amp#27;[39m
&amp#27;[38;5;0m[HTTP]&amp#27;[0m &amp#27;[90m{"value":"body > div.wrapper.d-flex.flex-column.min-vh-100.bg-light.dark\\:bg-transparent > header > div:nth-child(1) > button:nth-child(1) > svg","using":"css selector"}&amp#27;[39m
&amp#27;[38;5;32m[AndroidUiautomator2Driver@6453 (8b9c12c4)]&amp#27;[0m Driver proxy active, passing request on via HTTP proxy
&amp#27;[38;5;96m[Chromedriver@0756 (d105eff1)]&amp#27;[0m Matched '/session/8b9c12c4-9c1c-4db2-8d1e-b301ec11f45a/element' to command name 'findElement'
&amp#27;[38;5;96m[Chromedriver@0756 (d105eff1)]&amp#27;[0m Proxying [POST /session/8b9c12c4-9c1c-4db2-8d1e-b301ec11f45a/element] to [POST http://127.0.0.1:52851/session/d105eff11b76bfce77f640f2b066a387/element] with body: {"value":"body > div.wrapper.d-flex.flex-column.min-vh-100.bg-light.dark\\:bg-transparent > header > div:nth-child(1) > button:nth-child(1) > svg","using":"css selector"}
&amp#27;[38;5;96m[Chromedriver@0756 (d105eff1)]&amp#27;[0m Got response with status 200: {"value":{"element-6066-11e4-a52e-4f735466cecf":"9d5d828e-0c5f-4ebc-9d96-fcbe2e978fa2"}}
&amp#27;[38;5;0m[HTTP]&amp#27;[0m &amp#27;[37m<-- POST /session/8b9c12c4-9c1c-4db2-8d1e-b301ec11f45a/element &amp#27;[39m&amp#27;[32m200&amp#27;[39m &amp#27;[90m77 ms - 137&amp#27;[39m
&amp#27;[38;5;0m[HTTP]&amp#27;[0m &amp#27;[90m&amp#27;[39m
&amp#27;[38;5;0m[HTTP]&amp#27;[0m &amp#27;[37m-->&amp#27;[39m &amp#27;[37mPOST&amp#27;[39m &amp#27;[37m/session/8b9c12c4-9c1c-4db2-8d1e-b301ec11f45a/element/9d5d828e-0c5f-4ebc-9d96-fcbe2e978fa2/click&amp#27;[39m
&amp#27;[38;5;0m[HTTP]&amp#27;[0m &amp#27;[90m{"id":"9d5d828e-0c5f-4ebc-9d96-fcbe2e978fa2"}&amp#27;[39m
&amp#27;[38;5;32m[AndroidUiautomator2Driver@6453 (8b9c12c4)]&amp#27;[0m Driver proxy active, passing request on via HTTP proxy
&amp#27;[38;5;96m[Chromedriver@0756 (d105eff1)]&amp#27;[0m Matched '/session/8b9c12c4-9c1c-4db2-8d1e-b301ec11f45a/element/9d5d828e-0c5f-4ebc-9d96-fcbe2e978fa2/click' to command name 'click'
&amp#27;[38;5;96m[Chromedriver@0756 (d105eff1)]&amp#27;[0m Proxying [POST /session/8b9c12c4-9c1c-4db2-8d1e-b301ec11f45a/element/9d5d828e-0c5f-4ebc-9d96-fcbe2e978fa2/click] to [POST http://127.0.0.1:52851/session/d105eff11b76bfce77f640f2b066a387/element/9d5d828e-0c5f-4ebc-9d96-fcbe2e978fa2/click] with body: {"id":"9d5d828e-0c5f-4ebc-9d96-fcbe2e978fa2"}
&amp#27;[38;5;96m[Chromedriver@0756 (d105eff1)]&amp#27;[0m Got response with status 200: {"value":null}
&amp#27;[38;5;0m[HTTP]&amp#27;[0m &amp#27;[37m<-- POST /session/8b9c12c4-9c1c-4db2-8d1e-b301ec11f45a/element/9d5d828e-0c5f-4ebc-9d96-fcbe2e978fa2/click &amp#27;[39m&amp#27;[32m200&amp#27;[39m &amp#27;[90m539 ms - 14&amp#27;[39m
&amp#27;[38;5;0m[HTTP]&amp#27;[0m &amp#27;[90m&amp#27;[39m
DashBoard Opened
&amp#27;[38;5;0m[HTTP]&amp#27;[0m &amp#27;[37m-->&amp#27;[39m &amp#27;[37mPOST&amp#27;[39m &amp#27;[37m/session/8b9c12c4-9c1c-4db2-8d1e-b301ec11f45a/element&amp#27;[39m
&amp#27;[38;5;0m[HTTP]&amp#27;[0m &amp#27;[90m{"value":"Asset Identity","using":"link text"}&amp#27;[39m
&amp#27;[38;5;32m[AndroidUiautomator2Driver@6453 (8b9c12c4)]&amp#27;[0m Driver proxy active, passing request on via HTTP proxy
&amp#27;[38;5;96m[Chromedriver@0756 (d105eff1)]&amp#27;[0m Matched '/session/8b9c12c4-9c1c-4db2-8d1e-b301ec11f45a/element' to command name 'findElement'
&amp#27;[38;5;96m[Chromedriver@0756 (d105eff1)]&amp#27;[0m Proxying [POST /session/8b9c12c4-9c1c-4db2-8d1e-b301ec11f45a/element] to [POST http://127.0.0.1:52851/session/d105eff11b76bfce77f640f2b066a387/element] with body: {"value":"Asset Identity","using":"link text"}
&amp#27;[38;5;96m[Chromedriver@0756 (d105eff1)]&amp#27;[0m Got response with status 200: {"value":{"element-6066-11e4-a52e-4f735466cecf":"672eca4e-e16e-4d09-b23d-22e10dbbf551"}}
&amp#27;[38;5;0m[HTTP]&amp#27;[0m &amp#27;[37m<-- POST /session/8b9c12c4-9c1c-4db2-8d1e-b301ec11f45a/element &amp#27;[39m&amp#27;[32m200&amp#27;[39m &amp#27;[90m396 ms - 137&amp#27;[39m
&amp#27;[38;5;0m[HTTP]&amp#27;[0m &amp#27;[90m&amp#27;[39m
&amp#27;[38;5;0m[HTTP]&amp#27;[0m &amp#27;[37m-->&amp#27;[39m &amp#27;[37mPOST&amp#27;[39m &amp#27;[37m/session/8b9c12c4-9c1c-4db2-8d1e-b301ec11f45a/execute/sync&amp#27;[39m
&amp#27;[38;5;0m[HTTP]&amp#27;[0m &amp#27;[90m{"args":[{"element-6066-11e4-a52e-4f735466cecf":"672eca4e-e16e-4d09-b23d-22e10dbbf551"}],"script":"arguments[0].scrollIntoView(true)"}&amp#27;[39m
&amp#27;[38;5;32m[AndroidUiautomator2Driver@6453 (8b9c12c4)]&amp#27;[0m Calling AppiumDriver.execute() with args: ["arguments[0].scrollIntoView(true)",[{"element-6066-11e4-a52e-4f735466cecf":"672eca4e-e16e-4d09-b23d-22e10dbbf551"}],"8b9c12c4-9c1c-4db2-8d1e-b301ec11f45a"]
&amp#27;[38;5;96m[Chromedriver@0756 (d105eff1)]&amp#27;[0m Matched '/execute/sync' to command name 'execute'
&amp#27;[38;5;96m[Chromedriver@0756 (d105eff1)]&amp#27;[0m Did not know how to rewrite the original URL '/execute/sync' for W3C protocol
&amp#27;[38;5;96m[Chromedriver@0756 (d105eff1)]&amp#27;[0m Proxying [POST /execute/sync] to [POST http://127.0.0.1:52851/session/d105eff11b76bfce77f640f2b066a387/execute/sync] with body: {"script":"arguments[0].scrollIntoView(true)","args":[{"element-6066-11e4-a52e-4f735466cecf":"672eca4e-e16e-4d09-b23d-22e10dbbf551"}]}
&amp#27;[38;5;96m[Chromedriver@0756 (d105eff1)]&amp#27;[0m Got response with status 200: {"value":null}
&amp#27;[38;5;32m[AndroidUiautomator2Driver@6453 (8b9c12c4)]&amp#27;[0m Responding to client with driver.execute() result: null
&amp#27;[38;5;0m[HTTP]&amp#27;[0m &amp#27;[37m<-- POST /session/8b9c12c4-9c1c-4db2-8d1e-b301ec11f45a/execute/sync &amp#27;[39m&amp#27;[32m200&amp#27;[39m &amp#27;[90m45 ms - 14&amp#27;[39m
&amp#27;[38;5;0m[HTTP]&amp#27;[0m &amp#27;[90m&amp#27;[39m
&amp#27;[38;5;0m[HTTP]&amp#27;[0m &amp#27;[37m-->&amp#27;[39m &amp#27;[37mPOST&amp#27;[39m &amp#27;[37m/session/8b9c12c4-9c1c-4db2-8d1e-b301ec11f45a/element&amp#27;[39m
&amp#27;[38;5;0m[HTTP]&amp#27;[0m &amp#27;[90m{"value":"Asset Identity","using":"link text"}&amp#27;[39m
&amp#27;[38;5;32m[AndroidUiautomator2Driver@6453 (8b9c12c4)]&amp#27;[0m Driver proxy active, passing request on via HTTP proxy
&amp#27;[38;5;96m[Chromedriver@0756 (d105eff1)]&amp#27;[0m Matched '/session/8b9c12c4-9c1c-4db2-8d1e-b301ec11f45a/element' to command name 'findElement'
&amp#27;[38;5;96m[Chromedriver@0756 (d105eff1)]&amp#27;[0m Proxying [POST /session/8b9c12c4-9c1c-4db2-8d1e-b301ec11f45a/element] to [POST http://127.0.0.1:52851/session/d105eff11b76bfce77f640f2b066a387/element] with body: {"value":"Asset Identity","using":"link text"}
&amp#27;[38;5;96m[Chromedriver@0756 (d105eff1)]&amp#27;[0m Got response with status 200: {"value":{"element-6066-11e4-a52e-4f735466cecf":"672eca4e-e16e-4d09-b23d-22e10dbbf551"}}
&amp#27;[38;5;0m[HTTP]&amp#27;[0m &amp#27;[37m<-- POST /session/8b9c12c4-9c1c-4db2-8d1e-b301ec11f45a/element &amp#27;[39m&amp#27;[32m200&amp#27;[39m &amp#27;[90m103 ms - 137&amp#27;[39m
&amp#27;[38;5;0m[HTTP]&amp#27;[0m &amp#27;[90m&amp#27;[39m
&amp#27;[38;5;0m[HTTP]&amp#27;[0m &amp#27;[37m-->&amp#27;[39m &amp#27;[37mPOST&amp#27;[39m &amp#27;[37m/session/8b9c12c4-9c1c-4db2-8d1e-b301ec11f45a/element/672eca4e-e16e-4d09-b23d-22e10dbbf551/click&amp#27;[39m
&amp#27;[38;5;0m[HTTP]&amp#27;[0m &amp#27;[90m{"id":"672eca4e-e16e-4d09-b23d-22e10dbbf551"}&amp#27;[39m
&amp#27;[38;5;32m[AndroidUiautomator2Driver@6453 (8b9c12c4)]&amp#27;[0m Driver proxy active, passing request on via HTTP proxy
&amp#27;[38;5;96m[Chromedriver@0756 (d105eff1)]&amp#27;[0m Matched '/session/8b9c12c4-9c1c-4db2-8d1e-b301ec11f45a/element/672eca4e-e16e-4d09-b23d-22e10dbbf551/click' to command name 'click'
&amp#27;[38;5;96m[Chromedriver@0756 (d105eff1)]&amp#27;[0m Proxying [POST /session/8b9c12c4-9c1c-4db2-8d1e-b301ec11f45a/element/672eca4e-e16e-4d09-b23d-22e10dbbf551/click] to [POST http://127.0.0.1:52851/session/d105eff11b76bfce77f640f2b066a387/element/672eca4e-e16e-4d09-b23d-22e10dbbf551/click] with body: {"id":"672eca4e-e16e-4d09-b23d-22e10dbbf551"}
[...]
&amp#27;[38;5;0m[HTTP]&amp#27;[0m &amp#27;[90m&amp#27;[39m
&amp#27;[38;5;0m[HTTP]&amp#27;[0m &amp#27;[37m-->&amp#27;[39m &amp#27;[37mPOST&amp#27;[39m &amp#27;[37m/session/8b9c12c4-9c1c-4db2-8d1e-b301ec11f45a/element/e2d2262b-877d-4994-a70b-1b1d13fc973a/elements&amp#27;[39m
&amp#27;[38;5;0m[HTTP]&amp#27;[0m &amp#27;[90m{"value":".//option[normalize-space(.) = \"AMEX\"]","id":"e2d2262b-877d-4994-a70b-1b1d13fc973a","using":"xpath"}&amp#27;[39m
&amp#27;[38;5;32m[AndroidUiautomator2Driver@6453 (8b9c12c4)]&amp#27;[0m Driver proxy active, passing request on via HTTP proxy
&amp#27;[38;5;96m[Chromedriver@0756 (d105eff1)]&amp#27;[0m Matched '/session/8b9c12c4-9c1c-4db2-8d1e-b301ec11f45a/element/e2d2262b-877d-4994-a70b-1b1d13fc973a/elements' to command name 'findElementsFromElement'
&amp#27;[38;5;96m[Chromedriver@0756 (d105eff1)]&amp#27;[0m Proxying [POST /session/8b9c12c4-9c1c-4db2-8d1e-b301ec11f45a/element/e2d2262b-877d-4994-a70b-1b1d13fc973a/elements] to [POST http://127.0.0.1:52851/session/d105eff11b76bfce77f640f2b066a387/element/e2d2262b-877d-4994-a70b-1b1d13fc973a/elements] with body: {"value":".//option[normalize-space(.) = \"AMEX\"]","id":"e2d2262b-877d-4994-a70b-1b1d13fc973a","using":"xpath"}
&amp#27;[38;5;96m[Chromedriver@0756 (d105eff1)]&amp#27;[0m Got response with status 200: {"value":[{"element-6066-11e4-a52e-4f735466cecf":"6321f228-536a-4c09-b753-bfcd1a3a4501"}]}
&amp#27;[38;5;0m[HTTP]&amp#27;[0m &amp#27;[37m<-- POST /session/8b9c12c4-9c1c-4db2-8d1e-b301ec11f45a/element/e2d2262b-877d-4994-a70b-1b1d13fc973a/elements &amp#27;[39m&amp#27;[32m200&amp#27;[39m &amp#27;[90m33 ms - 139&amp#27;[39m
&amp#27;[38;5;0m[HTTP]&amp#27;[0m &amp#27;[90m&amp#27;[39m
&amp#27;[38;5;0m[HTTP]&amp#27;[0m &amp#27;[37m-->&amp#27;[39m &amp#27;[37mGET&amp#27;[39m &amp#27;[37m/session/8b9c12c4-9c1c-4db2-8d1e-b301ec11f45a/element/6321f228-536a-4c09-b753-bfcd1a3a4501/enabled&amp#27;[39m
&amp#27;[38;5;0m[HTTP]&amp#27;[0m &amp#27;[90m{}&amp#27;[39m
&amp#27;[38;5;32m[AndroidUiautomator2Driver@6453 (8b9c12c4)]&amp#27;[0m Driver proxy active, passing request on via HTTP proxy
&amp#27;[38;5;96m[Chromedriver@0756 (d105eff1)]&amp#27;[0m Matched '/session/8b9c12c4-9c1c-4db2-8d1e-b301ec11f45a/element/6321f228-536a-4c09-b753-bfcd1a3a4501/enabled' to command name 'elementEnabled'
&amp#27;[38;5;96m[Chromedriver@0756 (d105eff1)]&amp#27;[0m Proxying [GET /session/8b9c12c4-9c1c-4db2-8d1e-b301ec11f45a/element/6321f228-536a-4c09-b753-bfcd1a3a4501/enabled] to [GET http://127.0.0.1:52851/session/d105eff11b76bfce77f640f2b066a387/element/6321f228-536a-4c09-b753-bfcd1a3a4501/enabled] with no body
&amp#27;[38;5;96m[Chromedriver@0756 (d105eff1)]&amp#27;[0m Got response with status 200: {"value":true}
&amp#27;[38;5;0m[HTTP]&amp#27;[0m &amp#27;[37m<-- GET /session/8b9c12c4-9c1c-4db2-8d1e-b301ec11f45a/element/6321f228-536a-4c09-b753-bfcd1a3a4501/enabled &amp#27;[39m&amp#27;[32m200&amp#27;[39m &amp#27;[90m33 ms - 14&amp#27;[39m
&amp#27;[38;5;0m[HTTP]&amp#27;[0m &amp#27;[90m&amp#27;[39m
&amp#27;[38;5;0m[HTTP]&amp#27;[0m &amp#27;[37m-->&amp#27;[39m &amp#27;[37mGET&amp#27;[39m &amp#27;[37m/session/8b9c12c4-9c1c-4db2-8d1e-b301ec11f45a/element/6321f228-536a-4c09-b753-bfcd1a3a4501/selected&amp#27;[39m
&amp#27;[38;5;0m[HTTP]&amp#27;[0m &amp#27;[90m{}&amp#27;[39m
&amp#27;[38;5;32m[AndroidUiautomator2Driver@6453 (8b9c12c4)]&amp#27;[0m Driver proxy active, passing request on via HTTP proxy
&amp#27;[38;5;96m[Chromedriver@0756 (d105eff1)]&amp#27;[0m Matched '/session/8b9c12c4-9c1c-4db2-8d1e-b301ec11f45a/element/6321f228-536a-4c09-b753-bfcd1a3a4501/selected' to command name 'elementSelected'
&amp#27;[38;5;96m[Chromedriver@0756 (d105eff1)]&amp#27;[0m Proxying [GET /session/8b9c12c4-9c1c-4db2-8d1e-b301ec11f45a/element/6321f228-536a-4c09-b753-bfcd1a3a4501/selected] to [GET http://127.0.0.1:52851/session/d105eff11b76bfce77f640f2b066a387/element/6321f228-536a-4c09-b753-bfcd1a3a4501/selected] with no body
&amp#27;[38;5;96m[Chromedriver@0756 (d105eff1)]&amp#27;[0m Got response with status 200: {"value":false}
&amp#27;[38;5;0m[HTTP]&amp#27;[0m &amp#27;[37m<-- GET /session/8b9c12c4-9c1c-4db2-8d1e-b301ec11f45a/element/6321f228-536a-4c09-b753-bfcd1a3a4501/selected &amp#27;[39m&amp#27;[32m200&amp#27;[39m &amp#27;[90m30 ms - 15&amp#27;[39m
&amp#27;[38;5;0m[HTTP]&amp#27;[0m &amp#27;[90m&amp#27;[39m
&amp#27;[38;5;0m[HTTP]&amp#27;[0m &amp#27;[37m-->&amp#27;[39m &amp#27;[37mPOST&amp#27;[39m &amp#27;[37m/session/8b9c12c4-9c1c-4db2-8d1e-b301ec11f45a/element/6321f228-536a-4c09-b753-bfcd1a3a4501/click&amp#27;[39m
&amp#27;[38;5;0m[HTTP]&amp#27;[0m &amp#27;[90m{"id":"6321f228-536a-4c09-b753-bfcd1a3a4501"}&amp#27;[39m
&amp#27;[38;5;32m[AndroidUiautomator2Driver@6453 (8b9c12c4)]&amp#27;[0m Driver proxy active, passing request on via HTTP proxy
&amp#27;[38;5;96m[Chromedriver@0756 (d105eff1)]&amp#27;[0m Matched '/session/8b9c12c4-9c1c-4db2-8d1e-b301ec11f45a/element/6321f228-536a-4c09-b753-bfcd1a3a4501/click' to command name 'click'
&amp#27;[38;5;96m[Chromedriver@0756 (d105eff1)]&amp#27;[0m Proxying [POST /session/8b9c12c4-9c1c-4db2-8d1e-b301ec11f45a/element/6321f228-536a-4c09-b753-bfcd1a3a4501/click] to [POST http://127.0.0.1:52851/session/d105eff11b76bfce77f640f2b066a387/element/6321f228-536a-4c09-b753-bfcd1a3a4501/click] with body: {"id":"6321f228-536a-4c09-b753-bfcd1a3a4501"}
&amp#27;[38;5;96m[Chromedriver@0756 (d105eff1)]&amp#27;[0m Got response with status 200: {"value":null}
&amp#27;[38;5;0m[HTTP]&amp#27;[0m &amp#27;[37m<-- POST /session/8b9c12c4-9c1c-4db2-8d1e-b301ec11f45a/element/6321f228-536a-4c09-b753-bfcd1a3a4501/click &amp#27;[39m&amp#27;[32m200&amp#27;[39m &amp#27;[90m86 ms - 14&amp#27;[39m
&amp#27;[38;5;0m[HTTP]&amp#27;[0m &amp#27;[90m&amp#27;[39m
Supplier is set
&amp#27;[38;5;0m[HTTP]&amp#27;[0m &amp#27;[37m-->&amp#27;[39m &amp#27;[37mPOST&amp#27;[39m &amp#27;[37m/session/8b9c12c4-9c1c-4db2-8d1e-b301ec11f45a/element&amp#27;[39m
&amp#27;[38;5;0m[HTTP]&amp#27;[0m &amp#27;[90m{"value":"#id_btn_assetdetails","using":"css selector"}&amp#27;[39m
&amp#27;[38;5;32m[AndroidUiautomator2Driver@6453 (8b9c12c4)]&amp#27;[0m Driver proxy active, passing request on via HTTP proxy
&amp#27;[38;5;96m[Chromedriver@0756 (d105eff1)]&amp#27;[0m Matched '/session/8b9c12c4-9c1c-4db2-8d1e-b301ec11f45a/element' to command name 'findElement'
&amp#27;[38;5;96m[Chromedriver@0756 (d105eff1)]&amp#27;[0m Proxying [POST /session/8b9c12c4-9c1c-4db2-8d1e-b301ec11f45a/element] to [POST http://127.0.0.1:52851/session/d105eff11b76bfce77f640f2b066a387/element] with body: {"value":"#id_btn_assetdetails","using":"css selector"}
&amp#27;[38;5;96m[Chromedriver@0756 (d105eff1)]&amp#27;[0m Got response with status 200: {"value":{"element-6066-11e4-a52e-4f735466cecf":"7ef3c8b6-044f-4221-bc73-657e7b8811ef"}}
&amp#27;[38;5;0m[HTTP]&amp#27;[0m &amp#27;[37m<-- POST /session/8b9c12c4-9c1c-4db2-8d1e-b301ec11f45a/element &amp#27;[39m&amp#27;[32m200&amp#27;[39m &amp#27;[90m57 ms - 137&amp#27;[39m
&amp#27;[38;5;0m[HTTP]&amp#27;[0m &amp#27;[90m&amp#27;[39m
&amp#27;[38;5;0m[HTTP]&amp#27;[0m &amp#27;[37m-->&amp#27;[39m &amp#27;[37mPOST&amp#27;[39m &amp#27;[37m/session/8b9c12c4-9c1c-4db2-8d1e-b301ec11f45a/execute/sync&amp#27;[39m
&amp#27;[38;5;0m[HTTP]&amp#27;[0m &amp#27;[90m{"args":[{"element-6066-11e4-a52e-4f735466cecf":"7ef3c8b6-044f-4221-bc73-657e7b8811ef"}],"script":"arguments[0].scrollIntoView(true);"}&amp#27;[39m
&amp#27;[38;5;32m[AndroidUiautomator2Driver@6453 (8b9c12c4)]&amp#27;[0m Calling AppiumDriver.execute() with args: ["arguments[0].scrollIntoView(true);",[{"element-6066-11e4-a52e-4f735466cecf":"7ef3c8b6-044f-4221-bc73-657e7b8811ef"}],"8b9c12c4-9c1c-4db2-8d1e-b301ec11f45a"]
&amp#27;[38;5;96m[Chromedriver@0756 (d105eff1)]&amp#27;[0m Matched '/execute/sync' to command name 'execute'
&amp#27;[38;5;96m[Chromedriver@0756 (d105eff1)]&amp#27;[0m Did not know how to rewrite the original URL '/execute/sync' for W3C protocol
&amp#27;[38;5;96m[Chromedriver@0756 (d105eff1)]&amp#27;[0m Proxying [POST /execute/sync] to [POST http://127.0.0.1:52851/session/d105eff11b76bfce77f640f2b066a387/execute/sync] with body: {"script":"arguments[0].scrollIntoView(true);","args":[{"element-6066-11e4-a52e-4f735466cecf":"7ef3c8b6-044f-4221-bc73-657e7b8811ef"}]}
&amp#27;[38;5;96m[Chromedriver@0756 (d105eff1)]&amp#27;[0m Got response with status 200: {"value":null}
&amp#27;[38;5;32m[AndroidUiautomator2Driver@6453 (8b9c12c4)]&amp#27;[0m Responding to client with driver.execute() result: null
&amp#27;[38;5;0m[HTTP]&amp#27;[0m &amp#27;[37m<-- POST /session/8b9c12c4-9c1c-4db2-8d1e-b301ec11f45a/execute/sync &amp#27;[39m&amp#27;[32m200&amp#27;[39m &amp#27;[90m31 ms - 14&amp#27;[39m
&amp#27;[38;5;0m[HTTP]&amp#27;[0m &amp#27;[90m&amp#27;[39m
&amp#27;[38;5;0m[HTTP]&amp#27;[0m &amp#27;[37m-->&amp#27;[39m &amp#27;[37mPOST&amp#27;[39m &amp#27;[37m/session/8b9c12c4-9c1c-4db2-8d1e-b301ec11f45a/element&amp#27;[39m
&amp#27;[38;5;0m[HTTP]&amp#27;[0m &amp#27;[90m{"value":"#id_btn_assetdetails","using":"css selector"}&amp#27;[39m
&amp#27;[38;5;32m[AndroidUiautomator2Driver@6453 (8b9c12c4)]&amp#27;[0m Driver proxy active, passing request on via HTTP proxy
&amp#27;[38;5;96m[Chromedriver@0756 (d105eff1)]&amp#27;[0m Matched '/session/8b9c12c4-9c1c-4db2-8d1e-b301ec11f45a/element' to command name 'findElement'
&amp#27;[38;5;96m[Chromedriver@0756 (d105eff1)]&amp#27;[0m Proxying [POST /session/8b9c12c4-9c1c-4db2-8d1e-b301ec11f45a/element] to [POST http://127.0.0.1:52851/session/d105eff11b76bfce77f640f2b066a387/element] with body: {"value":"#id_btn_assetdetails","using":"css selector"}
&amp#27;[38;5;96m[Chromedriver@0756 (d105eff1)]&amp#27;[0m Got response with status 200: {"value":{"element-6066-11e4-a52e-4f735466cecf":"7ef3c8b6-044f-4221-bc73-657e7b8811ef"}}
&amp#27;[38;5;0m[HTTP]&amp#27;[0m &amp#27;[37m<-- POST /session/8b9c12c4-9c1c-4db2-8d1e-b301ec11f45a/element &amp#27;[39m&amp#27;[32m200&amp#27;[39m &amp#27;[90m39 ms - 137&amp#27;[39m
&amp#27;[38;5;0m[HTTP]&amp#27;[0m &amp#27;[90m&amp#27;[39m
&amp#27;[38;5;0m[HTTP]&amp#27;[0m &amp#27;[37m-->&amp#27;[39m &amp#27;[37mPOST&amp#27;[39m &amp#27;[37m/session/8b9c12c4-9c1c-4db2-8d1e-b301ec11f45a/execute/sync&amp#27;[39m
&amp#27;[38;5;0m[HTTP]&amp#27;[0m &amp#27;[90m{"args":[{"element-6066-11e4-a52e-4f735466cecf":"7ef3c8b6-044f-4221-bc73-657e7b8811ef"}],"script":"arguments[0].click();"}&amp#27;[39m
&amp#27;[38;5;32m[AndroidUiautomator2Driver@6453 (8b9c12c4)]&amp#27;[0m Calling AppiumDriver.execute() with args: ["arguments[0].click();",[{"element-6066-11e4-a52e-4f735466cecf":"7ef3c8b6-044f-4221-bc73-657e7b8811ef"}],"8b9c12c4-9c1c-4db2-8d1e-b301ec11f45a"]
&amp#27;[38;5;96m[Chromedriver@0756 (d105eff1)]&amp#27;[0m Matched '/execute/sync' to command name 'execute'
&amp#27;[38;5;96m[Chromedriver@0756 (d105eff1)]&amp#27;[0m Did not know how to rewrite the original URL '/execute/sync' for W3C protocol
&amp#27;[38;5;96m[Chromedriver@0756 (d105eff1)]&amp#27;[0m Proxying [POST /execute/sync] to [POST http://127.0.0.1:52851/session/d105eff11b76bfce77f640f2b066a387/execute/sync] with body: {"script":"arguments[0].click();","args":[{"element-6066-11e4-a52e-4f735466cecf":"7ef3c8b6-044f-4221-bc73-657e7b8811ef"}]}
&amp#27;[38;5;96m[Chromedriver@0756 (d105eff1)]&amp#27;[0m Got response with status 200: {"value":null}
&amp#27;[38;5;32m[AndroidUiautomator2Driver@6453 (8b9c12c4)]&amp#27;[0m Responding to client with driver.execute() result: null
&amp#27;[38;5;0m[HTTP]&amp#27;[0m &amp#27;[37m<-- POST /session/8b9c12c4-9c1c-4db2-8d1e-b301ec11f45a/execute/sync &amp#27;[39m&amp#27;[32m200&amp#27;[39m &amp#27;[90m63 ms - 14&amp#27;[39m
&amp#27;[38;5;0m[HTTP]&amp#27;[0m &amp#27;[90m&amp#27;[39m
Clicked on save
&amp#27;[38;5;0m[HTTP]&amp#27;[0m &amp#27;[37m-->&amp#27;[39m &amp#27;[37mPOST&amp#27;[39m &amp#27;[37m/session/8b9c12c4-9c1c-4db2-8d1e-b301ec11f45a/element&amp#27;[39m
&amp#27;[38;5;0m[HTTP]&amp#27;[0m &amp#27;[90m{"value":"*[name='assetid']","using":"css selector"}&amp#27;[39m
&amp#27;[38;5;32m[AndroidUiautomator2Driver@6453 (8b9c12c4)]&amp#27;[0m Driver proxy active, passing request on via HTTP proxy
&amp#27;[38;5;96m[Chromedriver@0756 (d105eff1)]&amp#27;[0m Matched '/session/8b9c12c4-9c1c-4db2-8d1e-b301ec11f45a/element' to command name 'findElement'
&amp#27;[38;5;96m[Chromedriver@0756 (d105eff1)]&amp#27;[0m Proxying [POST /session/8b9c12c4-9c1c-4db2-8d1e-b301ec11f45a/element] to [POST http://127.0.0.1:52851/session/d105eff11b76bfce77f640f2b066a387/element] with body: {"value":"*[name='assetid']","using":"css selector"}
&amp#27;[38;5;96m[Chromedriver@0756 (d105eff1)]&amp#27;[0m Got response with status 200: {"value":{"element-6066-11e4-a52e-4f735466cecf":"34c16421-db22-4fd7-907e-b9d2f69fa800"}}
&amp#27;[38;5;0m[HTTP]&amp#27;[0m &amp#27;[37m<-- POST /session/8b9c12c4-9c1c-4db2-8d1e-b301ec11f45a/element &amp#27;[39m&amp#27;[32m200&amp#27;[39m &amp#27;[90m69 ms - 137&amp#27;[39m
&amp#27;[38;5;0m[HTTP]&amp#27;[0m &amp#27;[90m&amp#27;[39m
&amp#27;[38;5;0m[HTTP]&amp#27;[0m &amp#27;[37m-->&amp#27;[39m &amp#27;[37mGET&amp#27;[39m &amp#27;[37m/session/8b9c12c4-9c1c-4db2-8d1e-b301ec11f45a/element/34c16421-db22-4fd7-907e-b9d2f69fa800/attribute/value&amp#27;[39m
&amp#27;[38;5;0m[HTTP]&amp#27;[0m &amp#27;[90m{}&amp#27;[39m
&amp#27;[38;5;32m[AndroidUiautomator2Driver@6453 (8b9c12c4)]&amp#27;[0m Driver proxy active, passing request on via HTTP proxy
&amp#27;[38;5;96m[Chromedriver@0756 (d105eff1)]&amp#27;[0m Matched '/session/8b9c12c4-9c1c-4db2-8d1e-b301ec11f45a/element/34c16421-db22-4fd7-907e-b9d2f69fa800/attribute/value' to command name 'getAttribute'
&amp#27;[38;5;96m[Chromedriver@0756 (d105eff1)]&amp#27;[0m Proxying [GET /session/8b9c12c4-9c1c-4db2-8d1e-b301ec11f45a/element/34c16421-db22-4fd7-907e-b9d2f69fa800/attribute/value] to [GET http://127.0.0.1:52851/session/d105eff11b76bfce77f640f2b066a387/element/34c16421-db22-4fd7-907e-b9d2f69fa800/attribute/value] with no body
&amp#27;[38;5;96m[Chromedriver@0756 (d105eff1)]&amp#27;[0m Got response with status 200: {"value":"NEW"}
&amp#27;[38;5;0m[HTTP]&amp#27;[0m &amp#27;[37m<-- GET /session/8b9c12c4-9c1c-4db2-8d1e-b301ec11f45a/element/34c16421-db22-4fd7-907e-b9d2f69fa800/attribute/value &amp#27;[39m&amp#27;[32m200&amp#27;[39m &amp#27;[90m33 ms - 15&amp#27;[39m
&amp#27;[38;5;0m[HTTP]&amp#27;[0m &amp#27;[90m&amp#27;[39m
&amp#27;[38;5;0m[HTTP]&amp#27;[0m &amp#27;[37m-->&amp#27;[39m &amp#27;[37mPOST&amp#27;[39m &amp#27;[37m/session/8b9c12c4-9c1c-4db2-8d1e-b301ec11f45a/element&amp#27;[39m
&amp#27;[38;5;0m[HTTP]&amp#27;[0m &amp#27;[90m{"value":"*[name='assetid']","using":"css selector"}&amp#27;[39m
&amp#27;[38;5;32m[AndroidUiautomator2Driver@6453 (8b9c12c4)]&amp#27;[0m Driver proxy active, passing request on via HTTP proxy
&amp#27;[38;5;96m[Chromedriver@0756 (d105eff1)]&amp#27;[0m Matched '/session/8b9c12c4-9c1c-4db2-8d1e-b301ec11f45a/element' to command name 'findElement'
&amp#27;[38;5;96m[Chromedriver@0756 (d105eff1)]&amp#27;[0m Proxying [POST /session/8b9c12c4-9c1c-4db2-8d1e-b301ec11f45a/element] to [POST http://127.0.0.1:52851/session/d105eff11b76bfce77f640f2b066a387/element] with body: {"value":"*[name='assetid']","using":"css selector"}
&amp#27;[38;5;96m[Chromedriver@0756 (d105eff1)]&amp#27;[0m Got response with status 200: {"value":{"element-6066-11e4-a52e-4f735466cecf":"34c16421-db22-4fd7-907e-b9d2f69fa800"}}
&amp#27;[38;5;0m[HTTP]&amp#27;[0m &amp#27;[37m<-- POST /session/8b9c12c4-9c1c-4db2-8d1e-b301ec11f45a/element &amp#27;[39m&amp#27;[32m200&amp#27;[39m &amp#27;[90m32 ms - 137&amp#27;[39m
&amp#27;[38;5;0m[HTTP]&amp#27;[0m &amp#27;[90m&amp#27;[39m
&amp#27;[38;5;0m[HTTP]&amp#27;[0m &amp#27;[37m-->&amp#27;[39m &amp#27;[37mGET&amp#27;[39m &amp#27;[37m/session/8b9c12c4-9c1c-4db2-8d1e-b301ec11f45a/element/34c16421-db22-4fd7-907e-b9d2f69fa800/attribute/value&amp#27;[39m
&amp#27;[38;5;0m[HTTP]&amp#27;[0m &amp#27;[90m{}&amp#27;[39m
&amp#27;[38;5;32m[AndroidUiautomator2Driver@6453 (8b9c12c4)]&amp#27;[0m Driver proxy active, passing request on via HTTP proxy
&amp#27;[38;5;96m[Chromedriver@0756 (d105eff1)]&amp#27;[0m Matched '/session/8b9c12c4-9c1c-4db2-8d1e-b301ec11f45a/element/34c16421-db22-4fd7-907e-b9d2f69fa800/attribute/value' to command name 'getAttribute'
&amp#27;[38;5;96m[Chromedriver@0756 (d105eff1)]&amp#27;[0m Proxying [GET /session/8b9c12c4-9c1c-4db2-8d1e-b301ec11f45a/element/34c16421-db22-4fd7-907e-b9d2f69fa800/attribute/value] to [GET http://127.0.0.1:52851/session/d105eff11b76bfce77f640f2b066a387/element/34c16421-db22-4fd7-907e-b9d2f69fa800/attribute/value] with no body
&amp#27;[38;5;96m[Chromedriver@0756 (d105eff1)]&amp#27;[0m Got response with status 200: {"value":"A20240001445"}
&amp#27;[38;5;0m[HTTP]&amp#27;[0m &amp#27;[37m<-- GET /session/8b9c12c4-9c1c-4db2-8d1e-b301ec11f45a/element/34c16421-db22-4fd7-907e-b9d2f69fa800/attribute/value &amp#27;[39m&amp#27;[32m200&amp#27;[39m &amp#27;[90m26 ms - 24&amp#27;[39m
&amp#27;[38;5;0m[HTTP]&amp#27;[0m &amp#27;[90m&amp#27;[39m
&amp#27;[38;5;0m[HTTP]&amp#27;[0m &amp#27;[37m-->&amp#27;[39m &amp#27;[37mPOST&amp#27;[39m &amp#27;[37m/session/8b9c12c4-9c1c-4db2-8d1e-b301ec11f45a/element&amp#27;[39m
&amp#27;[38;5;0m[HTTP]&amp#27;[0m &amp#27;[90m{"value":"*[name='assetid']","using":"css selector"}&amp#27;[39m
&amp#27;[38;5;32m[AndroidUiautomator2Driver@6453 (8b9c12c4)]&amp#27;[0m Driver proxy active, passing request on via HTTP proxy
&amp#27;[38;5;96m[Chromedriver@0756 (d105eff1)]&amp#27;[0m Matched '/session/8b9c12c4-9c1c-4db2-8d1e-b301ec11f45a/element' to command name 'findElement'
&amp#27;[38;5;96m[Chromedriver@0756 (d105eff1)]&amp#27;[0m Proxying [POST /session/8b9c12c4-9c1c-4db2-8d1e-b301ec11f45a/element] to [POST http://127.0.0.1:52851/session/d105eff11b76bfce77f640f2b066a387/element] with body: {"value":"*[name='assetid']","using":"css selector"}
&amp#27;[38;5;96m[Chromedriver@0756 (d105eff1)]&amp#27;[0m Got response with status 200: {"value":{"element-6066-11e4-a52e-4f735466cecf":"34c16421-db22-4fd7-907e-b9d2f69fa800"}}
&amp#27;[38;5;0m[HTTP]&amp#27;[0m &amp#27;[37m<-- POST /session/8b9c12c4-9c1c-4db2-8d1e-b301ec11f45a/element &amp#27;[39m&amp#27;[32m200&amp#27;[39m &amp#27;[90m25 ms - 137&amp#27;[39m
&amp#27;[38;5;0m[HTTP]&amp#27;[0m &amp#27;[90m&amp#27;[39m
&amp#27;[38;5;0m[HTTP]&amp#27;[0m &amp#27;[37m-->&amp#27;[39m &amp#27;[37mGET&amp#27;[39m &amp#27;[37m/session/8b9c12c4-9c1c-4db2-8d1e-b301ec11f45a/element/34c16421-db22-4fd7-907e-b9d2f69fa800/attribute/value&amp#27;[39m
&amp#27;[38;5;0m[HTTP]&amp#27;[0m &amp#27;[90m{}&amp#27;[39m
&amp#27;[38;5;32m[AndroidUiautomator2Driver@6453 (8b9c12c4)]&amp#27;[0m Driver proxy active, passing request on via HTTP proxy
&amp#27;[38;5;96m[Chromedriver@0756 (d105eff1)]&amp#27;[0m Matched '/session/8b9c12c4-9c1c-4db2-8d1e-b301ec11f45a/element/34c16421-db22-4fd7-907e-b9d2f69fa800/attribute/value' to command name 'getAttribute'
&amp#27;[38;5;96m[Chromedriver@0756 (d105eff1)]&amp#27;[0m Proxying [GET /session/8b9c12c4-9c1c-4db2-8d1e-b301ec11f45a/element/34c16421-db22-4fd7-907e-b9d2f69fa800/attribute/value] to [GET http://127.0.0.1:52851/session/d105eff11b76bfce77f640f2b066a387/element/34c16421-db22-4fd7-907e-b9d2f69fa800/attribute/value] with no body
&amp#27;[38;5;96m[Chromedriver@0756 (d105eff1)]&amp#27;[0m Got response with status 200: {"value":"A20240001445"}
&amp#27;[38;5;0m[HTTP]&amp#27;[0m &amp#27;[37m<-- GET /session/8b9c12c4-9c1c-4db2-8d1e-b301ec11f45a/element/34c16421-db22-4fd7-907e-b9d2f69fa800/attribute/value &amp#27;[39m&amp#27;[32m200&amp#27;[39m &amp#27;[90m26 ms - 24&amp#27;[39m
&amp#27;[38;5;0m[HTTP]&amp#27;[0m &amp#27;[90m&amp#27;[39m
New Asset id for the Asset created under MDMS:A20240001445
Succsessfully Logged-In
Mastered the Masters
Created & transfered the Asset
WO has been created in the Corrective
Due to the issue in the Preventive Wo Schedule, Didn't Created one
Created the Asset in MDMS
]]></system-out>
    <system-err><![CDATA[SLF4J(W): No SLF4J providers were found.
SLF4J(W): Defaulting to no-operation (NOP) logger implementation
SLF4J(W): See https://www.slf4j.org/codes.html#noProviders for further details.
]]></system-err>
  </testcase>
</testsuite>