<?xml version="1.0" encoding="UTF-8"?>
<testng-results ignored="0" total="1" passed="1" failed="0" skipped="0">
  <reporter-output>
  </reporter-output>
  <suite started-at="2024-05-22T10:29:47Z" name="Default suite" finished-at="2024-05-22T10:31:01Z" duration-ms="73615">
    <groups>
    </groups>
    <test started-at="2024-05-22T10:29:47Z" name="Default test" finished-at="2024-05-22T10:31:01Z" duration-ms="73615">
      <class name="CMMS.Testcase.TestCase">
        <test-method is-config="true" signature="servicestart()[pri:0, instance:CMMS.Testcase.TestCase@609e8838]" started-at="2024-05-22T10:29:33Z" name="servicestart" finished-at="2024-05-22T10:29:47Z" duration-ms="13947" status="PASS">
          <reporter-output>
          </reporter-output>
        </test-method> <!-- servicestart -->
        <test-method is-config="true" signature="openCMMS()[pri:0, instance:CMMS.Testcase.TestCase@609e8838]" started-at="2024-05-22T10:29:47Z" name="openCMMS" finished-at="2024-05-22T10:29:52Z" duration-ms="4760" status="PASS">
          <reporter-output>
          </reporter-output>
        </test-method> <!-- openCMMS -->
        <test-method signature="testcmms()[pri:0, instance:CMMS.Testcase.TestCase@609e8838]" started-at="2024-05-22T10:29:52Z" name="testcmms" finished-at="2024-05-22T10:31:01Z" duration-ms="68836" status="PASS">
          <reporter-output>
          </reporter-output>
        </test-method> <!-- testcmms -->
        <test-method is-config="true" signature="quit()[pri:0, instance:CMMS.Testcase.TestCase@609e8838]" started-at="2024-05-22T10:31:01Z" name="quit" finished-at="2024-05-22T10:31:03Z" duration-ms="1792" status="PASS">
          <reporter-output>
          </reporter-output>
        </test-method> <!-- quit -->
      </class> <!-- CMMS.Testcase.TestCase -->
    </test> <!-- Default test -->
  </suite> <!-- Default suite -->
</testng-results>
